Started GET "/" for ::1 at 2019-11-12 10:21:12 -0800
DEPRECATION WARNING: ActiveRecord::Base.raise_in_transactional_callbacks= is deprecated, has no effect and will be removed without replacement. (called from block (3 levels) in <class:Railtie> at /Users/derekshue/.rbenv/versions/2.5.1/lib/ruby/gems/2.5.0/gems/activerecord-5.0.7.2/lib/active_record/railtie.rb:113)
Processing by StaticPagesController#index as HTML
  Rendering static_pages/index.html.erb within layouts/application
  Rendered shared/_main_nav.html.erb (0.3ms)
  Rendered shared/_masthead.html.erb (0.2ms)
  Rendered shared/_sections_nav.html.erb (0.2ms)
  Rendered shared/_search_modal.html.erb (0.3ms)
  Rendered shared/_main_content.html.erb (0.4ms)
  Rendered static_pages/index.html.erb within layouts/application (19.0ms)
Completed 200 OK in 638ms (Views: 633.7ms | ActiveRecord: 0.0ms)


Started GET "/assets/application.self-4c91c7462344ab020ba76b083a9656c7e6b3612523e8789d855481c8008ea73f.css?body=1" for ::1 at 2019-11-12 10:21:13 -0800
Started GET "/assets/jquery.self-bd7ddd393353a8d2480a622e80342adf488fb6006d667e8b42e4c0073393abee.js?body=1" for ::1 at 2019-11-12 10:21:13 -0800
Started GET "/assets/jquery_ujs.self-784a997f6726036b1993eb2217c9cb558e1cbb801c6da88105588c56f13b466a.js?body=1" for ::1 at 2019-11-12 10:21:13 -0800
Started GET "/assets/components/modal.self-52188644dbb47def5ee35ae02e69eb567ca9b664472357a8a5789dd39032a265.js?body=1" for ::1 at 2019-11-12 10:21:13 -0800
Started GET "/assets/components/sidebar.self-2a1277f850a6fa21e1a974ef5152f177ac05516477d5081d593bb137b3d6808b.js?body=1" for ::1 at 2019-11-12 10:21:13 -0800
Started GET "/assets/application.self-f571b9db02bf4ed04c38a6a29072ac382f7d4f47db1fab9817aeadb0d8665235.js?body=1" for ::1 at 2019-11-12 10:21:13 -0800
Started GET "/assets/components/dropdown.self-815016af6fab1d5b72abd319213bf62f0c42bab2c585d2e059543ae704a0d74c.js?body=1" for ::1 at 2019-11-12 10:21:13 -0800
Started GET "/assets/application.self-4c91c7462344ab020ba76b083a9656c7e6b3612523e8789d855481c8008ea73f.css?body=1&livereload=1573583166890" for ::1 at 2019-11-12 10:26:06 -0800
Started GET "/assets/application.self-4c91c7462344ab020ba76b083a9656c7e6b3612523e8789d855481c8008ea73f.css?body=1&livereload=1573583166892" for ::1 at 2019-11-12 10:26:06 -0800
Started GET "/assets/application.self-4c91c7462344ab020ba76b083a9656c7e6b3612523e8789d855481c8008ea73f.css?body=1&livereload=1573583305444" for ::1 at 2019-11-12 10:28:25 -0800
Started GET "/assets/application.self-4c91c7462344ab020ba76b083a9656c7e6b3612523e8789d855481c8008ea73f.css?body=1&livereload=1573583305443" for ::1 at 2019-11-12 10:28:25 -0800
Started GET "/assets/application.self-4c91c7462344ab020ba76b083a9656c7e6b3612523e8789d855481c8008ea73f.css?body=1&livereload=1573583505371" for ::1 at 2019-11-12 10:31:45 -0800
Started GET "/assets/application.self-4c91c7462344ab020ba76b083a9656c7e6b3612523e8789d855481c8008ea73f.css?body=1&livereload=1573583505368" for ::1 at 2019-11-12 10:31:45 -0800
Started GET "/" for ::1 at 2019-11-12 10:36:27 -0800
Processing by StaticPagesController#index as HTML
  Rendering static_pages/index.html.erb within layouts/application
  Rendered shared/_main_nav.html.erb (0.6ms)
  Rendered shared/_masthead.html.erb (0.4ms)
  Rendered shared/_sections_nav.html.erb (0.5ms)
  Rendered shared/_search_modal.html.erb (0.2ms)
  Rendered shared/_main_content.html.erb (0.4ms)
  Rendered static_pages/index.html.erb within layouts/application (19.1ms)
Completed 200 OK in 137ms (Views: 128.1ms | ActiveRecord: 0.0ms)


Started GET "/assets/application.self-f6726b6a5fb15c3b602bb05a9b20949580c4185cad93214e632f7aa09d4233c6.css?body=1" for ::1 at 2019-11-12 10:36:27 -0800
Started GET "/" for ::1 at 2019-11-12 10:38:04 -0800
Processing by StaticPagesController#index as HTML
  Rendering static_pages/index.html.erb within layouts/application
  Rendered shared/_main_nav.html.erb (0.5ms)
  Rendered shared/_masthead.html.erb (2.0ms)
  Rendered shared/_sections_nav.html.erb (0.3ms)
  Rendered shared/_search_modal.html.erb (1.1ms)
  Rendered shared/_main_content.html.erb (1.4ms)
  Rendered static_pages/index.html.erb within layouts/application (25.2ms)
Completed 200 OK in 227ms (Views: 216.1ms | ActiveRecord: 0.0ms)


Started GET "/assets/application.self-f6726b6a5fb15c3b602bb05a9b20949580c4185cad93214e632f7aa09d4233c6.css?body=1&livereload=1573584164553" for ::1 at 2019-11-12 10:42:44 -0800
Started GET "/assets/application.self-f6726b6a5fb15c3b602bb05a9b20949580c4185cad93214e632f7aa09d4233c6.css?body=1&livereload=1573584164554" for ::1 at 2019-11-12 10:42:44 -0800
Started GET "/assets/application.self-f6726b6a5fb15c3b602bb05a9b20949580c4185cad93214e632f7aa09d4233c6.css?body=1&livereload=1573584173156" for ::1 at 2019-11-12 10:42:53 -0800
Started GET "/assets/application.self-f6726b6a5fb15c3b602bb05a9b20949580c4185cad93214e632f7aa09d4233c6.css?body=1&livereload=1573584173158" for ::1 at 2019-11-12 10:42:53 -0800
Started GET "/assets/application.self-f6726b6a5fb15c3b602bb05a9b20949580c4185cad93214e632f7aa09d4233c6.css?body=1&livereload=1573584417641" for ::1 at 2019-11-12 10:46:57 -0800
Started GET "/assets/application.self-f6726b6a5fb15c3b602bb05a9b20949580c4185cad93214e632f7aa09d4233c6.css?body=1&livereload=1573584417628" for ::1 at 2019-11-12 10:46:57 -0800
Started GET "/assets/application.self-f6726b6a5fb15c3b602bb05a9b20949580c4185cad93214e632f7aa09d4233c6.css?body=1&livereload=1573584567833" for ::1 at 2019-11-12 10:49:27 -0800
Started GET "/assets/application.self-f6726b6a5fb15c3b602bb05a9b20949580c4185cad93214e632f7aa09d4233c6.css?body=1&livereload=1573584567835" for ::1 at 2019-11-12 10:49:27 -0800
Started GET "/assets/application.self-f6726b6a5fb15c3b602bb05a9b20949580c4185cad93214e632f7aa09d4233c6.css?body=1&livereload=1573584583910" for ::1 at 2019-11-12 10:49:43 -0800
Started GET "/assets/application.self-f6726b6a5fb15c3b602bb05a9b20949580c4185cad93214e632f7aa09d4233c6.css?body=1&livereload=1573584583913" for ::1 at 2019-11-12 10:49:43 -0800
Started GET "/assets/application.self-f6726b6a5fb15c3b602bb05a9b20949580c4185cad93214e632f7aa09d4233c6.css?body=1&livereload=1573584595046" for ::1 at 2019-11-12 10:49:55 -0800
Started GET "/assets/application.self-f6726b6a5fb15c3b602bb05a9b20949580c4185cad93214e632f7aa09d4233c6.css?body=1&livereload=1573584595043" for ::1 at 2019-11-12 10:49:55 -0800
Started GET "/assets/application.self-f6726b6a5fb15c3b602bb05a9b20949580c4185cad93214e632f7aa09d4233c6.css?body=1&livereload=1573584735856" for ::1 at 2019-11-12 10:52:15 -0800
Started GET "/assets/application.self-f6726b6a5fb15c3b602bb05a9b20949580c4185cad93214e632f7aa09d4233c6.css?body=1&livereload=1573584735859" for ::1 at 2019-11-12 10:52:15 -0800
Started GET "/assets/application.self-f6726b6a5fb15c3b602bb05a9b20949580c4185cad93214e632f7aa09d4233c6.css?body=1&livereload=1573584814184" for ::1 at 2019-11-12 10:53:34 -0800
Started GET "/assets/application.self-f6726b6a5fb15c3b602bb05a9b20949580c4185cad93214e632f7aa09d4233c6.css?body=1&livereload=1573584814185" for ::1 at 2019-11-12 10:53:34 -0800
Started GET "/assets/application.self-f6726b6a5fb15c3b602bb05a9b20949580c4185cad93214e632f7aa09d4233c6.css?body=1&livereload=1573584815590" for ::1 at 2019-11-12 10:53:35 -0800
Started GET "/assets/application.self-f6726b6a5fb15c3b602bb05a9b20949580c4185cad93214e632f7aa09d4233c6.css?body=1&livereload=1573584815591" for ::1 at 2019-11-12 10:53:35 -0800
Started GET "/assets/application.self-f6726b6a5fb15c3b602bb05a9b20949580c4185cad93214e632f7aa09d4233c6.css?body=1&livereload=1573584825718" for ::1 at 2019-11-12 10:53:45 -0800
Started GET "/assets/application.self-f6726b6a5fb15c3b602bb05a9b20949580c4185cad93214e632f7aa09d4233c6.css?body=1&livereload=1573584825721" for ::1 at 2019-11-12 10:53:45 -0800
Started GET "/assets/application.self-f6726b6a5fb15c3b602bb05a9b20949580c4185cad93214e632f7aa09d4233c6.css?body=1&livereload=1573584912584" for ::1 at 2019-11-12 10:55:12 -0800
Started GET "/assets/application.self-f6726b6a5fb15c3b602bb05a9b20949580c4185cad93214e632f7aa09d4233c6.css?body=1&livereload=1573584912586" for ::1 at 2019-11-12 10:55:12 -0800
Started GET "/assets/application.self-f6726b6a5fb15c3b602bb05a9b20949580c4185cad93214e632f7aa09d4233c6.css?body=1&livereload=1573585157294" for ::1 at 2019-11-12 10:59:17 -0800
Started GET "/assets/application.self-f6726b6a5fb15c3b602bb05a9b20949580c4185cad93214e632f7aa09d4233c6.css?body=1&livereload=1573585157296" for ::1 at 2019-11-12 10:59:17 -0800
Started GET "/assets/application.self-f6726b6a5fb15c3b602bb05a9b20949580c4185cad93214e632f7aa09d4233c6.css?body=1&livereload=1573585294320" for ::1 at 2019-11-12 11:01:34 -0800
Started GET "/assets/application.self-f6726b6a5fb15c3b602bb05a9b20949580c4185cad93214e632f7aa09d4233c6.css?body=1&livereload=1573585294321" for ::1 at 2019-11-12 11:01:34 -0800
Started GET "/assets/application.self-f6726b6a5fb15c3b602bb05a9b20949580c4185cad93214e632f7aa09d4233c6.css?body=1&livereload=1573585384370" for ::1 at 2019-11-12 11:03:04 -0800
Started GET "/assets/application.self-f6726b6a5fb15c3b602bb05a9b20949580c4185cad93214e632f7aa09d4233c6.css?body=1&livereload=1573585384371" for ::1 at 2019-11-12 11:03:04 -0800
Started GET "/assets/application.self-f6726b6a5fb15c3b602bb05a9b20949580c4185cad93214e632f7aa09d4233c6.css?body=1&livereload=1573585416761" for ::1 at 2019-11-12 11:03:36 -0800
Started GET "/assets/application.self-f6726b6a5fb15c3b602bb05a9b20949580c4185cad93214e632f7aa09d4233c6.css?body=1&livereload=1573585416759" for ::1 at 2019-11-12 11:03:36 -0800
Started GET "/assets/application.self-f6726b6a5fb15c3b602bb05a9b20949580c4185cad93214e632f7aa09d4233c6.css?body=1&livereload=1573585463877" for ::1 at 2019-11-12 11:04:23 -0800
Started GET "/assets/application.self-f6726b6a5fb15c3b602bb05a9b20949580c4185cad93214e632f7aa09d4233c6.css?body=1&livereload=1573585463879" for ::1 at 2019-11-12 11:04:23 -0800
Started GET "/assets/application.self-f6726b6a5fb15c3b602bb05a9b20949580c4185cad93214e632f7aa09d4233c6.css?body=1&livereload=1573585493578" for ::1 at 2019-11-12 11:04:53 -0800
Started GET "/assets/application.self-f6726b6a5fb15c3b602bb05a9b20949580c4185cad93214e632f7aa09d4233c6.css?body=1&livereload=1573585493580" for ::1 at 2019-11-12 11:04:53 -0800
Started GET "/assets/application.self-f6726b6a5fb15c3b602bb05a9b20949580c4185cad93214e632f7aa09d4233c6.css?body=1&livereload=1573585533853" for ::1 at 2019-11-12 11:05:33 -0800
Started GET "/assets/application.self-f6726b6a5fb15c3b602bb05a9b20949580c4185cad93214e632f7aa09d4233c6.css?body=1&livereload=1573585533854" for ::1 at 2019-11-12 11:05:33 -0800
Started GET "/assets/application.self-f6726b6a5fb15c3b602bb05a9b20949580c4185cad93214e632f7aa09d4233c6.css?body=1&livereload=1573585556035" for ::1 at 2019-11-12 11:05:56 -0800
Started GET "/assets/application.self-f6726b6a5fb15c3b602bb05a9b20949580c4185cad93214e632f7aa09d4233c6.css?body=1&livereload=1573585556033" for ::1 at 2019-11-12 11:05:56 -0800
Started GET "/assets/application.self-f6726b6a5fb15c3b602bb05a9b20949580c4185cad93214e632f7aa09d4233c6.css?body=1&livereload=1573585765476" for ::1 at 2019-11-12 11:09:25 -0800
Started GET "/assets/application.self-f6726b6a5fb15c3b602bb05a9b20949580c4185cad93214e632f7aa09d4233c6.css?body=1&livereload=1573585765478" for ::1 at 2019-11-12 11:09:25 -0800
Started GET "/" for ::1 at 2019-11-12 11:12:08 -0800
Processing by StaticPagesController#index as HTML
  Rendering static_pages/index.html.erb within layouts/application
  Rendered shared/_main_nav.html.erb (2.1ms)
  Rendered shared/_masthead.html.erb (0.9ms)
  Rendered shared/_sections_nav.html.erb (1.6ms)
  Rendered shared/_search_modal.html.erb (0.4ms)
  Rendered shared/_main_content.html.erb (0.4ms)
  Rendered static_pages/index.html.erb within layouts/application (37.5ms)
Completed 200 OK in 174ms (Views: 163.9ms | ActiveRecord: 0.0ms)


Started GET "/assets/application.self-d2e5d185a8876435104097b2a865f70345e6056f1a2be8ae3b3f54114892889b.css?body=1" for ::1 at 2019-11-12 11:12:08 -0800
Started GET "/" for ::1 at 2019-11-12 11:12:51 -0800
Processing by StaticPagesController#index as HTML
  Rendering static_pages/index.html.erb within layouts/application
  Rendered shared/_main_nav.html.erb (0.5ms)
  Rendered shared/_masthead.html.erb (0.3ms)
  Rendered shared/_sections_nav.html.erb (0.2ms)
  Rendered shared/_search_modal.html.erb (0.8ms)
  Rendered shared/_main_content.html.erb (2.6ms)
  Rendered static_pages/index.html.erb within layouts/application (18.3ms)
Completed 200 OK in 61ms (Views: 57.8ms | ActiveRecord: 0.0ms)


Started GET "/" for ::1 at 2019-11-12 12:33:16 -0800
Processing by StaticPagesController#index as HTML
  Rendering static_pages/index.html.erb within layouts/application
  Rendered shared/_main_nav.html.erb (2.1ms)
  Rendered shared/_masthead.html.erb (1.6ms)
  Rendered shared/_sections_nav.html.erb (3.4ms)
  Rendered shared/_search_modal.html.erb (0.6ms)
  Rendered shared/_main_content.html.erb (0.4ms)
  Rendered static_pages/index.html.erb within layouts/application (41.8ms)
Completed 200 OK in 178ms (Views: 161.2ms | ActiveRecord: 0.0ms)


Started GET "/" for ::1 at 2019-11-12 12:45:30 -0800
Processing by StaticPagesController#index as HTML
  Rendering static_pages/index.html.erb within layouts/application
  Rendered shared/_main_nav.html.erb (3.6ms)
  Rendered shared/_masthead.html.erb (3.7ms)
  Rendered shared/_sections_nav.html.erb (0.6ms)
  Rendered shared/_search_modal.html.erb (0.8ms)
  Rendered shared/_main_content.html.erb (1.3ms)
  Rendered static_pages/index.html.erb within layouts/application (45.5ms)
Completed 200 OK in 165ms (Views: 154.8ms | ActiveRecord: 0.0ms)


Started GET "/" for ::1 at 2019-11-12 12:49:11 -0800
Processing by StaticPagesController#index as HTML
  Rendering static_pages/index.html.erb within layouts/application
  Rendered shared/_main_nav.html.erb (0.4ms)
  Rendered shared/_masthead.html.erb (1.4ms)
  Rendered shared/_sections_nav.html.erb (2.8ms)
  Rendered shared/_search_modal.html.erb (1.1ms)
  Rendered shared/_main_content.html.erb (9.6ms)
  Rendered static_pages/index.html.erb within layouts/application (47.3ms)
Completed 200 OK in 165ms (Views: 159.2ms | ActiveRecord: 0.0ms)


Started GET "/assets/AA_Times_Logo.png" for ::1 at 2019-11-12 12:49:11 -0800
Started GET "/" for ::1 at 2019-11-12 12:50:13 -0800
Processing by StaticPagesController#index as HTML
  Rendering static_pages/index.html.erb within layouts/application
  Rendered shared/_main_nav.html.erb (0.4ms)
  Rendered shared/_masthead.html.erb (0.9ms)
  Rendered shared/_sections_nav.html.erb (0.2ms)
  Rendered shared/_search_modal.html.erb (0.3ms)
  Rendered shared/_main_content.html.erb (0.4ms)
  Rendered static_pages/index.html.erb within layouts/application (14.6ms)
Completed 200 OK in 84ms (Views: 81.2ms | ActiveRecord: 0.0ms)


Started GET "/assets/AA_Times_Logo.png" for ::1 at 2019-11-12 12:50:13 -0800
Started GET "/" for ::1 at 2019-11-12 12:50:51 -0800
Processing by StaticPagesController#index as HTML
  Rendering static_pages/index.html.erb within layouts/application
  Rendered shared/_main_nav.html.erb (0.7ms)
  Rendered shared/_masthead.html.erb (2.3ms)
  Rendered shared/_sections_nav.html.erb (0.3ms)
  Rendered shared/_search_modal.html.erb (0.4ms)
  Rendered shared/_main_content.html.erb (0.4ms)
  Rendered static_pages/index.html.erb within layouts/application (20.4ms)
Completed 200 OK in 126ms (Views: 123.1ms | ActiveRecord: 0.0ms)


Started GET "/assets/AA_Times_Logo.png" for ::1 at 2019-11-12 12:50:51 -0800
Started GET "/assets/application.self-d2e5d185a8876435104097b2a865f70345e6056f1a2be8ae3b3f54114892889b.css?body=1&livereload=1573592074281" for ::1 at 2019-11-12 12:54:34 -0800
Started GET "/assets/application.self-d2e5d185a8876435104097b2a865f70345e6056f1a2be8ae3b3f54114892889b.css?body=1&livereload=1573592074278" for ::1 at 2019-11-12 12:54:34 -0800
Started GET "/assets/application.self-d2e5d185a8876435104097b2a865f70345e6056f1a2be8ae3b3f54114892889b.css?body=1&livereload=1573592251898" for ::1 at 2019-11-12 12:57:31 -0800
Started GET "/assets/application.self-d2e5d185a8876435104097b2a865f70345e6056f1a2be8ae3b3f54114892889b.css?body=1&livereload=1573592251903" for ::1 at 2019-11-12 12:57:31 -0800
Started GET "/" for ::1 at 2019-11-12 12:58:25 -0800
Processing by StaticPagesController#index as HTML
  Rendering static_pages/index.html.erb within layouts/application
  Rendered shared/_main_nav.html.erb (0.5ms)
  Rendered shared/_masthead.html.erb (3.8ms)
  Rendered shared/_sections_nav.html.erb (0.3ms)
  Rendered shared/_search_modal.html.erb (0.8ms)
  Rendered shared/_main_content.html.erb (2.9ms)
  Rendered static_pages/index.html.erb within layouts/application (45.5ms)
Completed 200 OK in 113ms (Views: 109.3ms | ActiveRecord: 0.0ms)


Started GET "/assets/application.self-21805de0e237fa3c7bb6a94a8376221515c5f4eabad58289216b0bc0bf0dc5d1.css?body=1" for ::1 at 2019-11-12 12:58:25 -0800
Started GET "/assets/AA_Times_Logo.png" for ::1 at 2019-11-12 12:58:25 -0800
Started GET "/assets/application.self-21805de0e237fa3c7bb6a94a8376221515c5f4eabad58289216b0bc0bf0dc5d1.css?body=1&livereload=1573592315466" for ::1 at 2019-11-12 12:58:35 -0800
Started GET "/assets/application.self-21805de0e237fa3c7bb6a94a8376221515c5f4eabad58289216b0bc0bf0dc5d1.css?body=1&livereload=1573592315465" for ::1 at 2019-11-12 12:58:35 -0800
Started GET "/assets/application.self-21805de0e237fa3c7bb6a94a8376221515c5f4eabad58289216b0bc0bf0dc5d1.css?body=1&livereload=1573592436805" for ::1 at 2019-11-12 13:00:36 -0800
Started GET "/assets/application.self-21805de0e237fa3c7bb6a94a8376221515c5f4eabad58289216b0bc0bf0dc5d1.css?body=1&livereload=1573592436809" for ::1 at 2019-11-12 13:00:36 -0800
Started GET "/" for ::1 at 2019-11-12 13:02:16 -0800
Processing by StaticPagesController#index as HTML
  Rendering static_pages/index.html.erb within layouts/application
  Rendered shared/_main_nav.html.erb (9.2ms)
  Rendered shared/_masthead.html.erb (5.8ms)
  Rendered shared/_sections_nav.html.erb (0.3ms)
  Rendered shared/_search_modal.html.erb (4.5ms)
  Rendered shared/_main_content.html.erb (0.4ms)
  Rendered static_pages/index.html.erb within layouts/application (43.1ms)
Completed 200 OK in 115ms (Views: 110.5ms | ActiveRecord: 0.0ms)


Started GET "/assets/application.self-4c63d1e5a44cf712a5d6abbb7d8af95c900a258b8e544aceb494693951a07ce0.css?body=1" for ::1 at 2019-11-12 13:02:16 -0800
Started GET "/assets/AA_Times_Logo.png" for ::1 at 2019-11-12 13:02:16 -0800
Started GET "/assets/application.self-4c63d1e5a44cf712a5d6abbb7d8af95c900a258b8e544aceb494693951a07ce0.css?body=1&livereload=1573592547271" for ::1 at 2019-11-12 13:02:27 -0800
Started GET "/assets/application.self-4c63d1e5a44cf712a5d6abbb7d8af95c900a258b8e544aceb494693951a07ce0.css?body=1&livereload=1573592547268" for ::1 at 2019-11-12 13:02:27 -0800
Started GET "/assets/application.self-4c63d1e5a44cf712a5d6abbb7d8af95c900a258b8e544aceb494693951a07ce0.css?body=1&livereload=1573592548688" for ::1 at 2019-11-12 13:02:28 -0800
Started GET "/assets/application.self-4c63d1e5a44cf712a5d6abbb7d8af95c900a258b8e544aceb494693951a07ce0.css?body=1&livereload=1573592548689" for ::1 at 2019-11-12 13:02:28 -0800
Started GET "/assets/application.self-4c63d1e5a44cf712a5d6abbb7d8af95c900a258b8e544aceb494693951a07ce0.css?body=1&livereload=1573592554065" for ::1 at 2019-11-12 13:02:34 -0800
Started GET "/assets/application.self-4c63d1e5a44cf712a5d6abbb7d8af95c900a258b8e544aceb494693951a07ce0.css?body=1&livereload=1573592554067" for ::1 at 2019-11-12 13:02:34 -0800
Started GET "/" for ::1 at 2019-11-12 13:03:32 -0800
Processing by StaticPagesController#index as HTML
  Rendering static_pages/index.html.erb within layouts/application
  Rendered shared/_main_nav.html.erb (1.1ms)
  Rendered shared/_masthead.html.erb (1.8ms)
  Rendered shared/_sections_nav.html.erb (0.7ms)
  Rendered shared/_search_modal.html.erb (1.9ms)
  Rendered shared/_main_content.html.erb (0.3ms)
  Rendered static_pages/index.html.erb within layouts/application (33.0ms)
Completed 200 OK in 135ms (Views: 131.2ms | ActiveRecord: 0.0ms)


Started GET "/assets/application.self-4c634d79358f102dc93045f939f25dcffa6bdf98b390f7717043a1f4d14a7ed0.css?body=1" for ::1 at 2019-11-12 13:03:33 -0800
Started GET "/assets/AA_Times_Logo.png" for ::1 at 2019-11-12 13:03:33 -0800
Started GET "/assets/application.self-4c634d79358f102dc93045f939f25dcffa6bdf98b390f7717043a1f4d14a7ed0.css?body=1&livereload=1573592649703" for ::1 at 2019-11-12 13:04:09 -0800
Started GET "/assets/application.self-4c634d79358f102dc93045f939f25dcffa6bdf98b390f7717043a1f4d14a7ed0.css?body=1&livereload=1573592649705" for ::1 at 2019-11-12 13:04:09 -0800
Started GET "/" for ::1 at 2019-11-12 13:07:35 -0800
Processing by StaticPagesController#index as HTML
  Rendering static_pages/index.html.erb within layouts/application
  Rendered shared/_main_nav.html.erb (2.6ms)
  Rendered shared/_masthead.html.erb (1.6ms)
  Rendered shared/_sections_nav.html.erb (0.4ms)
  Rendered shared/_search_modal.html.erb (9.9ms)
  Rendered shared/_main_content.html.erb (3.4ms)
  Rendered static_pages/index.html.erb within layouts/application (81.2ms)
Completed 200 OK in 268ms (Views: 261.5ms | ActiveRecord: 0.0ms)


Started GET "/assets/application.self-aa6da264693c48f5e219455a0b594c762a6e033e5703d6bfb935309edd8ec26d.css?body=1" for ::1 at 2019-11-12 13:07:36 -0800
Started GET "/assets/AA_Times_Logo.png" for ::1 at 2019-11-12 13:07:36 -0800
Started GET "/" for ::1 at 2019-11-12 13:07:56 -0800
Processing by StaticPagesController#index as HTML
  Rendering static_pages/index.html.erb within layouts/application
  Rendered shared/_main_nav.html.erb (0.5ms)
  Rendered shared/_masthead.html.erb (2.5ms)
  Rendered shared/_sections_nav.html.erb (0.8ms)
  Rendered shared/_search_modal.html.erb (0.6ms)
  Rendered shared/_main_content.html.erb (0.6ms)
  Rendered static_pages/index.html.erb within layouts/application (38.7ms)
Completed 200 OK in 96ms (Views: 92.5ms | ActiveRecord: 0.0ms)


Started GET "/assets/AA_Times_Logo.png" for ::1 at 2019-11-12 13:07:56 -0800
Started GET "/" for ::1 at 2019-11-12 13:08:20 -0800
Processing by StaticPagesController#index as HTML
  Rendering static_pages/index.html.erb within layouts/application
  Rendered shared/_main_nav.html.erb (0.5ms)
  Rendered shared/_masthead.html.erb (1.0ms)
  Rendered shared/_sections_nav.html.erb (0.3ms)
  Rendered shared/_search_modal.html.erb (1.1ms)
  Rendered shared/_main_content.html.erb (1.6ms)
  Rendered static_pages/index.html.erb within layouts/application (20.2ms)
Completed 200 OK in 85ms (Views: 81.6ms | ActiveRecord: 0.0ms)


Started GET "/assets/AA_Times_Logo.png" for ::1 at 2019-11-12 13:08:20 -0800
Started GET "/assets/application.self-aa6da264693c48f5e219455a0b594c762a6e033e5703d6bfb935309edd8ec26d.css?body=1&livereload=1573593199884" for ::1 at 2019-11-12 13:13:19 -0800
Started GET "/assets/application.self-aa6da264693c48f5e219455a0b594c762a6e033e5703d6bfb935309edd8ec26d.css?body=1&livereload=1573593199882" for ::1 at 2019-11-12 13:13:19 -0800
Started GET "/assets/application.self-aa6da264693c48f5e219455a0b594c762a6e033e5703d6bfb935309edd8ec26d.css?body=1&livereload=1573593267855" for ::1 at 2019-11-12 13:14:27 -0800
Started GET "/assets/application.self-aa6da264693c48f5e219455a0b594c762a6e033e5703d6bfb935309edd8ec26d.css?body=1&livereload=1573593267857" for ::1 at 2019-11-12 13:14:27 -0800
Started GET "/assets/application.self-aa6da264693c48f5e219455a0b594c762a6e033e5703d6bfb935309edd8ec26d.css?body=1&livereload=1573593290709" for ::1 at 2019-11-12 13:14:50 -0800
Started GET "/assets/application.self-aa6da264693c48f5e219455a0b594c762a6e033e5703d6bfb935309edd8ec26d.css?body=1&livereload=1573593290711" for ::1 at 2019-11-12 13:14:50 -0800
Started GET "/" for ::1 at 2019-11-12 13:23:10 -0800
Processing by StaticPagesController#index as HTML
  Rendering static_pages/index.html.erb within layouts/application
  Rendered shared/_main_nav.html.erb (4.2ms)
  Rendered shared/_masthead.html.erb (16.8ms)
  Rendered shared/_sections_nav.html.erb (20.9ms)
  Rendered shared/_search_modal.html.erb (10.2ms)
  Rendered shared/_main_content.html.erb (0.9ms)
  Rendered static_pages/index.html.erb within layouts/application (196.0ms)
Completed 200 OK in 618ms (Views: 551.6ms | ActiveRecord: 0.0ms)


Started GET "/assets/AA_Times_Logo.png" for ::1 at 2019-11-12 13:23:11 -0800
Started GET "/" for ::1 at 2019-11-12 13:23:25 -0800
Processing by StaticPagesController#index as HTML
  Rendering static_pages/index.html.erb within layouts/application
  Rendered shared/_main_nav.html.erb (7.9ms)
  Rendered shared/_masthead.html.erb (2.6ms)
  Rendered shared/_sections_nav.html.erb (0.4ms)
  Rendered shared/_search_modal.html.erb (1.8ms)
  Rendered shared/_main_content.html.erb (0.6ms)
  Rendered static_pages/index.html.erb within layouts/application (106.7ms)
Completed 200 OK in 165ms (Views: 158.6ms | ActiveRecord: 0.0ms)


Started GET "/assets/AA_Times_Logo.png" for ::1 at 2019-11-12 13:23:25 -0800
Started GET "/" for ::1 at 2019-11-12 13:28:16 -0800
Processing by StaticPagesController#index as HTML
  Rendering static_pages/index.html.erb within layouts/application
  Rendered shared/_main_nav.html.erb (0.5ms)
  Rendered shared/_masthead.html.erb (1.0ms)
  Rendered shared/_sections_nav.html.erb (0.4ms)
  Rendered shared/_search_modal.html.erb (0.3ms)
  Rendered shared/_main_content.html.erb (0.4ms)
  Rendered static_pages/index.html.erb within layouts/application (15.3ms)
Completed 200 OK in 59ms (Views: 54.8ms | ActiveRecord: 0.0ms)


Started GET "/assets/AA_Times_Logo.png" for ::1 at 2019-11-12 13:28:16 -0800
Started GET "/" for ::1 at 2019-11-12 13:33:11 -0800
Processing by StaticPagesController#index as HTML
  Rendering static_pages/index.html.erb within layouts/application
  Rendered shared/_main_nav.html.erb (1.4ms)
  Rendered shared/_masthead.html.erb (1.6ms)
  Rendered shared/_sections_nav.html.erb (1.1ms)
  Rendered shared/_search_modal.html.erb (0.6ms)
  Rendered shared/_main_content.html.erb (0.4ms)
  Rendered static_pages/index.html.erb within layouts/application (30.6ms)
Completed 200 OK in 291ms (Views: 285.3ms | ActiveRecord: 0.0ms)


Started GET "/assets/AA_Times_Logo.png" for ::1 at 2019-11-12 13:33:11 -0800
Started GET "/" for ::1 at 2019-11-12 13:33:35 -0800
Processing by StaticPagesController#index as HTML
  Rendering static_pages/index.html.erb within layouts/application
  Rendered shared/_main_nav.html.erb (0.4ms)
  Rendered shared/_masthead.html.erb (3.7ms)
  Rendered shared/_sections_nav.html.erb (1.5ms)
  Rendered shared/_search_modal.html.erb (0.3ms)
  Rendered shared/_main_content.html.erb (2.0ms)
  Rendered static_pages/index.html.erb within layouts/application (28.2ms)
Completed 200 OK in 152ms (Views: 148.9ms | ActiveRecord: 0.0ms)


Started GET "/assets/AA_Times_Logo.png" for ::1 at 2019-11-12 13:33:36 -0800
Started GET "/" for ::1 at 2019-11-12 13:33:49 -0800
Processing by StaticPagesController#index as HTML
  Rendering static_pages/index.html.erb within layouts/application
  Rendered shared/_main_nav.html.erb (0.7ms)
  Rendered shared/_masthead.html.erb (0.8ms)
  Rendered shared/_sections_nav.html.erb (0.3ms)
  Rendered shared/_search_modal.html.erb (1.1ms)
  Rendered shared/_main_content.html.erb (1.0ms)
  Rendered static_pages/index.html.erb within layouts/application (20.1ms)
Completed 200 OK in 59ms (Views: 54.1ms | ActiveRecord: 0.0ms)


Started GET "/assets/AA_Times_Logo.png" for ::1 at 2019-11-12 13:33:50 -0800
Started GET "/assets/application.self-aa6da264693c48f5e219455a0b594c762a6e033e5703d6bfb935309edd8ec26d.css?body=1&livereload=1573594786721" for ::1 at 2019-11-12 13:39:46 -0800
Started GET "/assets/application.self-aa6da264693c48f5e219455a0b594c762a6e033e5703d6bfb935309edd8ec26d.css?body=1&livereload=1573594786745" for ::1 at 2019-11-12 13:39:46 -0800
Started GET "/assets/application.self-aa6da264693c48f5e219455a0b594c762a6e033e5703d6bfb935309edd8ec26d.css?body=1&livereload=1573594798442" for ::1 at 2019-11-12 13:39:58 -0800
Started GET "/assets/application.self-aa6da264693c48f5e219455a0b594c762a6e033e5703d6bfb935309edd8ec26d.css?body=1&livereload=1573594798445" for ::1 at 2019-11-12 13:39:58 -0800
Started GET "/assets/application.self-aa6da264693c48f5e219455a0b594c762a6e033e5703d6bfb935309edd8ec26d.css?body=1&livereload=1573595103818" for ::1 at 2019-11-12 13:45:03 -0800
Started GET "/assets/application.self-aa6da264693c48f5e219455a0b594c762a6e033e5703d6bfb935309edd8ec26d.css?body=1&livereload=1573595103814" for ::1 at 2019-11-12 13:45:03 -0800
Started GET "/assets/application.self-aa6da264693c48f5e219455a0b594c762a6e033e5703d6bfb935309edd8ec26d.css?body=1&livereload=1573595167599" for ::1 at 2019-11-12 13:46:07 -0800
Started GET "/assets/application.self-aa6da264693c48f5e219455a0b594c762a6e033e5703d6bfb935309edd8ec26d.css?body=1&livereload=1573595167601" for ::1 at 2019-11-12 13:46:07 -0800
Started GET "/" for ::1 at 2019-11-12 13:47:07 -0800
Processing by StaticPagesController#index as HTML
  Rendering static_pages/index.html.erb within layouts/application
  Rendered shared/_main_nav.html.erb (1.6ms)
  Rendered shared/_masthead.html.erb (0.7ms)
  Rendered shared/_sections_nav.html.erb (0.3ms)
  Rendered shared/_search_modal.html.erb (0.4ms)
  Rendered shared/_main_content.html.erb (0.3ms)
  Rendered static_pages/index.html.erb within layouts/application (35.9ms)
Completed 200 OK in 121ms (Views: 113.1ms | ActiveRecord: 0.0ms)


Started GET "/assets/AA_Times_Logo.png" for ::1 at 2019-11-12 13:47:07 -0800
Started GET "/assets/application.self-1b7c0064819449a5c034fc4c4eb47a0466bd45ee87d1b7705bedc87a0888bca3.css?body=1" for ::1 at 2019-11-12 13:47:07 -0800
Started GET "/assets/application.self-1b7c0064819449a5c034fc4c4eb47a0466bd45ee87d1b7705bedc87a0888bca3.css?body=1&livereload=1573595476357" for ::1 at 2019-11-12 13:51:16 -0800
Started GET "/assets/application.self-1b7c0064819449a5c034fc4c4eb47a0466bd45ee87d1b7705bedc87a0888bca3.css?body=1&livereload=1573595476361" for ::1 at 2019-11-12 13:51:16 -0800
Started GET "/" for ::1 at 2019-11-12 13:51:18 -0800
Processing by StaticPagesController#index as HTML
  Rendering static_pages/index.html.erb within layouts/application
  Rendered shared/_main_nav.html.erb (0.6ms)
  Rendered shared/_masthead.html.erb (1.2ms)
  Rendered shared/_sections_nav.html.erb (0.4ms)
  Rendered shared/_search_modal.html.erb (0.3ms)
  Rendered shared/_main_content.html.erb (0.4ms)
  Rendered static_pages/index.html.erb within layouts/application (17.0ms)
Completed 200 OK in 58ms (Views: 54.6ms | ActiveRecord: 0.0ms)


Started GET "/assets/application.self-8c9ac57b2fdae1fa8b563018a63d58e1b1b920abdd4805dd9d3b049f1ca4016c.css?body=1" for ::1 at 2019-11-12 13:51:19 -0800
Started GET "/assets/AA_Times_Logo.png" for ::1 at 2019-11-12 13:51:19 -0800
Started GET "/assets/application.self-8c9ac57b2fdae1fa8b563018a63d58e1b1b920abdd4805dd9d3b049f1ca4016c.css?body=1&livereload=1573595769251" for ::1 at 2019-11-12 13:56:09 -0800
Started GET "/assets/application.self-8c9ac57b2fdae1fa8b563018a63d58e1b1b920abdd4805dd9d3b049f1ca4016c.css?body=1&livereload=1573595769259" for ::1 at 2019-11-12 13:56:09 -0800
Started GET "/" for ::1 at 2019-11-12 13:56:30 -0800
Processing by StaticPagesController#index as HTML
  Rendering static_pages/index.html.erb within layouts/application
  Rendered shared/_main_nav.html.erb (4.5ms)
  Rendered shared/_masthead.html.erb (1.1ms)
  Rendered shared/_sections_nav.html.erb (0.3ms)
  Rendered shared/_search_modal.html.erb (0.3ms)
  Rendered shared/_main_content.html.erb (0.2ms)
  Rendered static_pages/index.html.erb within layouts/application (33.4ms)
Completed 200 OK in 107ms (Views: 99.1ms | ActiveRecord: 0.0ms)


Started GET "/assets/application.self-7d9657d5bae77742187965655aa33572e1b0b7e4efc1a68765b1d777f8ef1352.css?body=1" for ::1 at 2019-11-12 13:56:30 -0800
Started GET "/assets/AA_Times_Logo.png" for ::1 at 2019-11-12 13:56:30 -0800
Started GET "/assets/application.self-7d9657d5bae77742187965655aa33572e1b0b7e4efc1a68765b1d777f8ef1352.css?body=1&livereload=1573595797565" for ::1 at 2019-11-12 13:56:37 -0800
Started GET "/assets/application.self-7d9657d5bae77742187965655aa33572e1b0b7e4efc1a68765b1d777f8ef1352.css?body=1&livereload=1573595797567" for ::1 at 2019-11-12 13:56:37 -0800
Started GET "/" for ::1 at 2019-11-12 13:56:41 -0800
Processing by StaticPagesController#index as HTML
  Rendering static_pages/index.html.erb within layouts/application
  Rendered shared/_main_nav.html.erb (1.6ms)
  Rendered shared/_masthead.html.erb (0.3ms)
  Rendered shared/_sections_nav.html.erb (0.3ms)
  Rendered shared/_search_modal.html.erb (1.8ms)
  Rendered shared/_main_content.html.erb (1.6ms)
  Rendered static_pages/index.html.erb within layouts/application (17.8ms)
Completed 200 OK in 49ms (Views: 45.8ms | ActiveRecord: 0.0ms)


Started GET "/assets/AA_Times_Logo.png" for ::1 at 2019-11-12 13:56:41 -0800
Started GET "/assets/application.self-88531a585236a12f684dbe09cf394fe8b797e940f2e210f3234f9dd7dd157798.css?body=1" for ::1 at 2019-11-12 13:56:41 -0800
Started GET "/assets/application.self-88531a585236a12f684dbe09cf394fe8b797e940f2e210f3234f9dd7dd157798.css?body=1&livereload=1573595832526" for ::1 at 2019-11-12 13:57:12 -0800
Started GET "/assets/application.self-88531a585236a12f684dbe09cf394fe8b797e940f2e210f3234f9dd7dd157798.css?body=1&livereload=1573595832523" for ::1 at 2019-11-12 13:57:12 -0800
Started GET "/" for ::1 at 2019-11-12 13:57:16 -0800
Processing by StaticPagesController#index as HTML
  Rendering static_pages/index.html.erb within layouts/application
  Rendered shared/_main_nav.html.erb (0.3ms)
  Rendered shared/_masthead.html.erb (2.3ms)
  Rendered shared/_sections_nav.html.erb (0.4ms)
  Rendered shared/_search_modal.html.erb (2.4ms)
  Rendered shared/_main_content.html.erb (0.7ms)
  Rendered static_pages/index.html.erb within layouts/application (24.3ms)
Completed 200 OK in 72ms (Views: 65.4ms | ActiveRecord: 0.0ms)


Started GET "/assets/application.self-4bbb8b62d6b2b7140eb413c14b952662700a745890049b3884a9deceffab33a7.css?body=1" for ::1 at 2019-11-12 13:57:16 -0800
Started GET "/assets/AA_Times_Logo.png" for ::1 at 2019-11-12 13:57:16 -0800
Started GET "/" for ::1 at 2019-11-12 13:58:49 -0800
Processing by StaticPagesController#index as HTML
  Rendering static_pages/index.html.erb within layouts/application
  Rendered shared/_main_nav.html.erb (0.4ms)
  Rendered shared/_masthead.html.erb (0.6ms)
  Rendered shared/_sections_nav.html.erb (0.8ms)
  Rendered shared/_search_modal.html.erb (0.4ms)
  Rendered shared/_main_content.html.erb (0.3ms)
  Rendered static_pages/index.html.erb within layouts/application (18.0ms)
Completed 200 OK in 54ms (Views: 50.4ms | ActiveRecord: 0.0ms)


Started GET "/assets/AA_Times_Logo.png" for ::1 at 2019-11-12 13:58:49 -0800
Started GET "/assets/application.self-4bbb8b62d6b2b7140eb413c14b952662700a745890049b3884a9deceffab33a7.css?body=1&livereload=1573595945549" for ::1 at 2019-11-12 13:59:05 -0800
Started GET "/assets/application.self-4bbb8b62d6b2b7140eb413c14b952662700a745890049b3884a9deceffab33a7.css?body=1&livereload=1573595945553" for ::1 at 2019-11-12 13:59:05 -0800
Started GET "/assets/application.self-4bbb8b62d6b2b7140eb413c14b952662700a745890049b3884a9deceffab33a7.css?body=1&livereload=1573595998575" for ::1 at 2019-11-12 13:59:58 -0800
Started GET "/assets/application.self-4bbb8b62d6b2b7140eb413c14b952662700a745890049b3884a9deceffab33a7.css?body=1&livereload=1573595998579" for ::1 at 2019-11-12 13:59:58 -0800
Started GET "/assets/application.self-4bbb8b62d6b2b7140eb413c14b952662700a745890049b3884a9deceffab33a7.css?body=1&livereload=1573595999332" for ::1 at 2019-11-12 13:59:59 -0800
Started GET "/assets/application.self-4bbb8b62d6b2b7140eb413c14b952662700a745890049b3884a9deceffab33a7.css?body=1&livereload=1573595999334" for ::1 at 2019-11-12 13:59:59 -0800
Started GET "/" for ::1 at 2019-11-12 14:05:47 -0800
Processing by StaticPagesController#index as HTML
  Rendering static_pages/index.html.erb within layouts/application
  Rendered shared/_main_nav.html.erb (0.6ms)
  Rendered shared/_masthead.html.erb (1.8ms)
  Rendered shared/_sections_nav.html.erb (1.4ms)
  Rendered shared/_search_modal.html.erb (0.6ms)
  Rendered shared/_main_content.html.erb (0.7ms)
  Rendered static_pages/index.html.erb within layouts/application (27.5ms)
Completed 200 OK in 99ms (Views: 92.4ms | ActiveRecord: 0.0ms)


Started GET "/assets/application.self-00f28b9170d734df75c722a22eedd4ce66d74f04e517599b5536b970f64d85bc.css?body=1" for ::1 at 2019-11-12 14:05:48 -0800
Started GET "/assets/AA_Times_Logo.png" for ::1 at 2019-11-12 14:05:48 -0800
Started GET "/assets/application.self-00f28b9170d734df75c722a22eedd4ce66d74f04e517599b5536b970f64d85bc.css?body=1&livereload=1573596470700" for ::1 at 2019-11-12 14:07:50 -0800
Started GET "/assets/application.self-00f28b9170d734df75c722a22eedd4ce66d74f04e517599b5536b970f64d85bc.css?body=1&livereload=1573596470703" for ::1 at 2019-11-12 14:07:50 -0800
Started GET "/assets/application.self-00f28b9170d734df75c722a22eedd4ce66d74f04e517599b5536b970f64d85bc.css?body=1&livereload=1573596627593" for ::1 at 2019-11-12 14:10:27 -0800
Started GET "/assets/application.self-00f28b9170d734df75c722a22eedd4ce66d74f04e517599b5536b970f64d85bc.css?body=1&livereload=1573596627604" for ::1 at 2019-11-12 14:10:27 -0800
Started GET "/" for ::1 at 2019-11-12 14:11:37 -0800
Processing by StaticPagesController#index as HTML
  Rendering static_pages/index.html.erb within layouts/application
  Rendered shared/_main_nav.html.erb (0.5ms)
  Rendered shared/_masthead.html.erb (1.9ms)
  Rendered shared/_sections_nav.html.erb (0.8ms)
  Rendered shared/_search_modal.html.erb (0.8ms)
  Rendered shared/_main_content.html.erb (0.4ms)
  Rendered static_pages/index.html.erb within layouts/application (22.6ms)
Completed 200 OK in 93ms (Views: 83.5ms | ActiveRecord: 0.0ms)


Started GET "/assets/application.self-24048efce314ca1623021fc1a95d0abe0069d81100be6e23b56ce93df0a617a7.css?body=1" for ::1 at 2019-11-12 14:11:38 -0800
Started GET "/assets/AA_Times_Logo.png" for ::1 at 2019-11-12 14:11:38 -0800
Started GET "/assets/application.self-24048efce314ca1623021fc1a95d0abe0069d81100be6e23b56ce93df0a617a7.css?body=1&livereload=1573596737322" for ::1 at 2019-11-12 14:12:17 -0800
Started GET "/assets/application.self-24048efce314ca1623021fc1a95d0abe0069d81100be6e23b56ce93df0a617a7.css?body=1&livereload=1573596737320" for ::1 at 2019-11-12 14:12:17 -0800
Started GET "/assets/application.self-24048efce314ca1623021fc1a95d0abe0069d81100be6e23b56ce93df0a617a7.css?body=1&livereload=1573596750449" for ::1 at 2019-11-12 14:12:30 -0800
Started GET "/assets/application.self-24048efce314ca1623021fc1a95d0abe0069d81100be6e23b56ce93df0a617a7.css?body=1&livereload=1573596750451" for ::1 at 2019-11-12 14:12:30 -0800
Started GET "/" for ::1 at 2019-11-12 14:13:52 -0800
Processing by StaticPagesController#index as HTML
  Rendering static_pages/index.html.erb within layouts/application
  Rendered shared/_main_nav.html.erb (0.4ms)
  Rendered shared/_masthead.html.erb (3.2ms)
  Rendered shared/_sections_nav.html.erb (1.3ms)
  Rendered shared/_search_modal.html.erb (2.4ms)
  Rendered shared/_main_content.html.erb (0.4ms)
  Rendered static_pages/index.html.erb within layouts/application (33.8ms)
Completed 200 OK in 92ms (Views: 89.3ms | ActiveRecord: 0.0ms)


Started GET "/assets/application.self-e35325e11153b91670b02c931aa44860999ace23dc07891852ebb4afc664e348.css?body=1" for ::1 at 2019-11-12 14:13:52 -0800
Started GET "/assets/AA_Times_Logo.png" for ::1 at 2019-11-12 14:13:52 -0800
Started GET "/assets/application.self-e35325e11153b91670b02c931aa44860999ace23dc07891852ebb4afc664e348.css?body=1&livereload=1573596856199" for ::1 at 2019-11-12 14:14:16 -0800
Started GET "/assets/application.self-e35325e11153b91670b02c931aa44860999ace23dc07891852ebb4afc664e348.css?body=1&livereload=1573596856201" for ::1 at 2019-11-12 14:14:16 -0800
Started GET "/assets/application.self-e35325e11153b91670b02c931aa44860999ace23dc07891852ebb4afc664e348.css?body=1&livereload=1573596899400" for ::1 at 2019-11-12 14:14:59 -0800
Started GET "/assets/application.self-e35325e11153b91670b02c931aa44860999ace23dc07891852ebb4afc664e348.css?body=1&livereload=1573596899404" for ::1 at 2019-11-12 14:14:59 -0800
Started GET "/" for ::1 at 2019-11-12 14:15:02 -0800
Processing by StaticPagesController#index as HTML
  Rendering static_pages/index.html.erb within layouts/application
  Rendered shared/_main_nav.html.erb (1.4ms)
  Rendered shared/_masthead.html.erb (0.4ms)
  Rendered shared/_sections_nav.html.erb (0.3ms)
  Rendered shared/_search_modal.html.erb (0.3ms)
  Rendered shared/_main_content.html.erb (2.7ms)
  Rendered static_pages/index.html.erb within layouts/application (17.7ms)
Completed 200 OK in 51ms (Views: 49.7ms | ActiveRecord: 0.0ms)


Started GET "/assets/application.self-47dc65a493da259ac21348f620a14abe88558a46cd1a1c2bd314c697fef79022.css?body=1" for ::1 at 2019-11-12 14:15:03 -0800
Started GET "/assets/AA_Times_Logo.png" for ::1 at 2019-11-12 14:15:03 -0800
Started GET "/assets/application.self-47dc65a493da259ac21348f620a14abe88558a46cd1a1c2bd314c697fef79022.css?body=1&livereload=1573596948031" for ::1 at 2019-11-12 14:15:48 -0800
Started GET "/assets/application.self-47dc65a493da259ac21348f620a14abe88558a46cd1a1c2bd314c697fef79022.css?body=1&livereload=1573596948035" for ::1 at 2019-11-12 14:15:48 -0800
Started GET "/assets/application.self-47dc65a493da259ac21348f620a14abe88558a46cd1a1c2bd314c697fef79022.css?body=1&livereload=1573597140050" for ::1 at 2019-11-12 14:19:00 -0800
Started GET "/assets/application.self-47dc65a493da259ac21348f620a14abe88558a46cd1a1c2bd314c697fef79022.css?body=1&livereload=1573597140047" for ::1 at 2019-11-12 14:19:00 -0800
Started GET "/assets/application.self-47dc65a493da259ac21348f620a14abe88558a46cd1a1c2bd314c697fef79022.css?body=1&livereload=1573597149914" for ::1 at 2019-11-12 14:19:09 -0800
Started GET "/assets/application.self-47dc65a493da259ac21348f620a14abe88558a46cd1a1c2bd314c697fef79022.css?body=1&livereload=1573597149918" for ::1 at 2019-11-12 14:19:09 -0800
Started GET "/" for ::1 at 2019-11-12 15:31:40 -0800
Processing by StaticPagesController#index as HTML
  Rendering static_pages/index.html.erb within layouts/application
  Rendered shared/_main_nav.html.erb (13.1ms)
  Rendered shared/_masthead.html.erb (8.2ms)
  Rendered shared/_sections_nav.html.erb (2.3ms)
  Rendered shared/_search_modal.html.erb (9.0ms)
  Rendered shared/_main_content.html.erb (4.8ms)
  Rendered static_pages/index.html.erb within layouts/application (114.6ms)
Completed 200 OK in 630ms (Views: 452.1ms | ActiveRecord: 0.0ms)


Started GET "/assets/application.self-97eb347b5ee03033743932ddedf553e3640b5dbe5da703b2e6e9004f164f9137.css?body=1" for ::1 at 2019-11-12 15:31:42 -0800
Started GET "/assets/AA_Times_Logo.png" for ::1 at 2019-11-12 15:31:42 -0800
Started GET "/assets/application.self-97eb347b5ee03033743932ddedf553e3640b5dbe5da703b2e6e9004f164f9137.css?body=1&livereload=1573601680695" for ::1 at 2019-11-12 15:34:40 -0800
Started GET "/assets/application.self-97eb347b5ee03033743932ddedf553e3640b5dbe5da703b2e6e9004f164f9137.css?body=1&livereload=1573601680722" for ::1 at 2019-11-12 15:34:40 -0800
