  [1m[35m (722.1ms)[0m  [1m[35mCREATE DATABASE "derek_shue_99_cats_development" ENCODING = 'unicode'[0m
  [1m[35m (164.4ms)[0m  [1m[35mCREATE DATABASE "derek_shue_99_cats_test" ENCODING = 'unicode'[0m
  [1m[35m (39.5ms)[0m  [1m[35mCREATE TABLE "schema_migrations" ("version" character varying NOT NULL PRIMARY KEY)[0m
  [1m[35m (6.5ms)[0m  [1m[35mCREATE TABLE "ar_internal_metadata" ("key" character varying NOT NULL PRIMARY KEY, "value" character varying, "created_at" timestamp(6) NOT NULL, "updated_at" timestamp(6) NOT NULL)[0m
  [1m[35m (0.6ms)[0m  [1m[34mSELECT pg_try_advisory_lock(1475085801972743730)[0m
  [1m[35m (1.1ms)[0m  [1m[34mSELECT "schema_migrations"."version" FROM "schema_migrations" ORDER BY "schema_migrations"."version" ASC[0m
Migrating to CreateCats (20191106203309)
  [1m[35m (0.6ms)[0m  [1m[35mBEGIN[0m
  [1m[35m (18.9ms)[0m  [1m[35mCREATE TABLE "cats" ("id" bigserial primary key, "birth_date" date NOT NULL, "color" character varying NOT NULL, "name" character varying NOT NULL, "sex" character varying(1) NOT NULL, "description" text, "created_at" timestamp(6) NOT NULL, "updated_at" timestamp(6) NOT NULL)[0m
  [1m[36mprimary::SchemaMigration Create (18.5ms)[0m  [1m[32mINSERT INTO "schema_migrations" ("version") VALUES ($1) RETURNING "version"[0m  [["version", "20191106203309"]]
  [1m[35m (0.6ms)[0m  [1m[35mCOMMIT[0m
  [1m[36mActiveRecord::InternalMetadata Load (0.9ms)[0m  [1m[34mSELECT "ar_internal_metadata".* FROM "ar_internal_metadata" WHERE "ar_internal_metadata"."key" = $1 LIMIT $2[0m  [["key", "environment"], ["LIMIT", 1]]
  [1m[35m (0.2ms)[0m  [1m[35mBEGIN[0m
  [1m[36mActiveRecord::InternalMetadata Create (1.5ms)[0m  [1m[32mINSERT INTO "ar_internal_metadata" ("key", "value", "created_at", "updated_at") VALUES ($1, $2, $3, $4) RETURNING "key"[0m  [["key", "environment"], ["value", "development"], ["created_at", "2019-11-06 21:10:53.525167"], ["updated_at", "2019-11-06 21:10:53.525167"]]
  [1m[35m (0.7ms)[0m  [1m[35mCOMMIT[0m
  [1m[35m (6.2ms)[0m  [1m[34mSELECT pg_advisory_unlock(1475085801972743730)[0m
  [1m[35m (1.2ms)[0m  [1m[34mSELECT "schema_migrations"."version" FROM "schema_migrations" ORDER BY "schema_migrations"."version" ASC[0m
  [1m[35m (0.1ms)[0m  [1m[35mBEGIN[0m
  [1m[36mCat Create (2.4ms)[0m  [1m[32mINSERT INTO "cats" ("birth_date", "color", "name", "sex", "created_at", "updated_at") VALUES ($1, $2, $3, $4, $5, $6) RETURNING "id"[0m  [["birth_date", "2013-01-01"], ["color", "brown"], ["name", "cat1"], ["sex", "M"], ["created_at", "2019-11-06 21:36:05.301364"], ["updated_at", "2019-11-06 21:36:05.301364"]]
  [1m[35m (2.1ms)[0m  [1m[35mCOMMIT[0m
  [1m[35m (0.5ms)[0m  [1m[35mBEGIN[0m
  [1m[36mCat Create (0.7ms)[0m  [1m[32mINSERT INTO "cats" ("birth_date", "color", "name", "sex", "created_at", "updated_at") VALUES ($1, $2, $3, $4, $5, $6) RETURNING "id"[0m  [["birth_date", "2014-01-01"], ["color", "black"], ["name", "cat2"], ["sex", "F"], ["created_at", "2019-11-06 21:36:23.155435"], ["updated_at", "2019-11-06 21:36:23.155435"]]
  [1m[35m (0.3ms)[0m  [1m[35mCOMMIT[0m
Started GET "/" for ::1 at 2019-11-06 13:37:23 -0800
  [1m[35m (1.8ms)[0m  [1m[34mSELECT "schema_migrations"."version" FROM "schema_migrations" ORDER BY "schema_migrations"."version" ASC[0m
Processing by Rails::WelcomeController#index as HTML
  Rendering /Users/derekshue/.rbenv/versions/2.5.1/lib/ruby/gems/2.5.0/gems/railties-6.0.1/lib/rails/templates/rails/welcome/index.html.erb
  Rendered /Users/derekshue/.rbenv/versions/2.5.1/lib/ruby/gems/2.5.0/gems/railties-6.0.1/lib/rails/templates/rails/welcome/index.html.erb (Duration: 17.7ms | Allocations: 485)
Completed 200 OK in 38ms (Views: 22.3ms | ActiveRecord: 0.0ms | Allocations: 2720)


Started GET "/cats" for ::1 at 2019-11-06 13:38:22 -0800
Processing by CatsController#index as HTML
Completed 500 Internal Server Error in 11ms (ActiveRecord: 0.0ms | Allocations: 2990)


  
ActionView::MissingTemplate (Missing template cats/cats, application/cats with {:locale=>[:en], :formats=>[:html], :variants=>[], :handlers=>[:raw, :erb, :html, :builder, :ruby, :jbuilder]}. Searched in:
  * "/Users/derekshue/Desktop/AA-classwork/Week_9/W9D3/derek_shue_99_cats/app/views"
  * "/Users/derekshue/.rbenv/versions/2.5.1/lib/ruby/gems/2.5.0/gems/actiontext-6.0.1/app/views"
  * "/Users/derekshue/.rbenv/versions/2.5.1/lib/ruby/gems/2.5.0/gems/actionmailbox-6.0.1/app/views"
):
  
app/controllers/cats_controller.rb:4:in `index'
Started GET "/cats" for ::1 at 2019-11-06 13:39:00 -0800
Processing by CatsController#index as HTML
  Rendering cats/index.html.erb within layouts/application
  Rendered cats/index.html.erb within layouts/application (Duration: 1.4ms | Allocations: 971)
Completed 500 Internal Server Error in 7ms (ActiveRecord: 0.0ms | Allocations: 2880)


  
ActionView::SyntaxErrorInTemplate (Encountered a syntax error while rendering template: check <h1>List of cats</h1>
<% @cats.each |cat| do%>
    <%= cat %>
<% end %>
):
1:    <h1>List of cats</h1>
2:    <% @cats.each |cat| do%>
3:        <%= cat %>
4:    <% end %>
  
app/views/cats/index.html.erb:2: syntax error, unexpected keyword_do_block
app/views/cats/index.html.erb:6: syntax error, unexpected keyword_end, expecting end-of-input
app/views/cats/index.html.erb:2: syntax error, unexpected keyword_do_block
app/views/cats/index.html.erb:6: syntax error, unexpected keyword_end, expecting end-of-input
app/views/cats/index.html.erb:2: syntax error, unexpected keyword_do_block
app/views/cats/index.html.erb:6: syntax error, unexpected keyword_end, expecting end-of-input
app/views/cats/index.html.erb:2: syntax error, unexpected keyword_do_block
app/views/cats/index.html.erb:6: syntax error, unexpected keyword_end, expecting end-of-input
app/views/cats/index.html.erb:2: syntax error, unexpected keyword_do_block
app/views/cats/index.html.erb:6: syntax error, unexpected keyword_end, expecting end-of-input
app/views/cats/index.html.erb:2: syntax error, unexpected keyword_do_block
app/views/cats/index.html.erb:6: syntax error, unexpected keyword_end, expecting end-of-input
app/controllers/cats_controller.rb:4:in `index'
Started GET "/cats" for ::1 at 2019-11-06 13:39:48 -0800
Processing by CatsController#index as HTML
  Rendering cats/index.html.erb within layouts/application
  [1m[36mCat Load (22.9ms)[0m  [1m[34mSELECT "cats".* FROM "cats"[0m
  ↳ app/views/cats/index.html.erb:2
  Rendered cats/index.html.erb within layouts/application (Duration: 51.0ms | Allocations: 6769)
[Webpacker] Compiling…
[Webpacker] Compiled all packs in /Users/derekshue/Desktop/AA-classwork/Week_9/W9D3/derek_shue_99_cats/public/packs
Completed 200 OK in 17132ms (Views: 17097.1ms | ActiveRecord: 33.7ms | Allocations: 1547476)


Started GET "/cats" for ::1 at 2019-11-06 13:45:22 -0800
Processing by CatsController#index as HTML
  Rendering cats/index.html.erb within layouts/application
  [1m[36mCat Load (1.4ms)[0m  [1m[34mSELECT "cats".* FROM "cats"[0m
  ↳ app/views/cats/index.html.erb:3
  Rendered cats/index.html.erb within layouts/application (Duration: 9.9ms | Allocations: 926)
Completed 200 OK in 63ms (Views: 57.3ms | ActiveRecord: 1.4ms | Allocations: 6294)


Started GET "/cats/1" for ::1 at 2019-11-06 13:45:25 -0800
  
AbstractController::ActionNotFound (The action 'show' could not be found for CatsController):
  
actionpack (6.0.1) lib/abstract_controller/base.rb:131:in `process'
actionview (6.0.1) lib/action_view/rendering.rb:39:in `process'
actionpack (6.0.1) lib/action_controller/metal.rb:191:in `dispatch'
actionpack (6.0.1) lib/action_controller/metal.rb:252:in `dispatch'
actionpack (6.0.1) lib/action_dispatch/routing/route_set.rb:51:in `dispatch'
actionpack (6.0.1) lib/action_dispatch/routing/route_set.rb:33:in `serve'
actionpack (6.0.1) lib/action_dispatch/journey/router.rb:49:in `block in serve'
actionpack (6.0.1) lib/action_dispatch/journey/router.rb:32:in `each'
actionpack (6.0.1) lib/action_dispatch/journey/router.rb:32:in `serve'
actionpack (6.0.1) lib/action_dispatch/routing/route_set.rb:837:in `call'
rack (2.0.7) lib/rack/tempfile_reaper.rb:15:in `call'
rack (2.0.7) lib/rack/etag.rb:25:in `call'
rack (2.0.7) lib/rack/conditional_get.rb:25:in `call'
rack (2.0.7) lib/rack/head.rb:12:in `call'
actionpack (6.0.1) lib/action_dispatch/http/content_security_policy.rb:18:in `call'
rack (2.0.7) lib/rack/session/abstract/id.rb:232:in `context'
rack (2.0.7) lib/rack/session/abstract/id.rb:226:in `call'
actionpack (6.0.1) lib/action_dispatch/middleware/cookies.rb:648:in `call'
activerecord (6.0.1) lib/active_record/migration.rb:567:in `call'
actionpack (6.0.1) lib/action_dispatch/middleware/callbacks.rb:27:in `block in call'
activesupport (6.0.1) lib/active_support/callbacks.rb:101:in `run_callbacks'
actionpack (6.0.1) lib/action_dispatch/middleware/callbacks.rb:26:in `call'
actionpack (6.0.1) lib/action_dispatch/middleware/executor.rb:14:in `call'
actionpack (6.0.1) lib/action_dispatch/middleware/actionable_exceptions.rb:17:in `call'
actionpack (6.0.1) lib/action_dispatch/middleware/debug_exceptions.rb:32:in `call'
web-console (4.0.1) lib/web_console/middleware.rb:132:in `call_app'
web-console (4.0.1) lib/web_console/middleware.rb:28:in `block in call'
web-console (4.0.1) lib/web_console/middleware.rb:17:in `catch'
web-console (4.0.1) lib/web_console/middleware.rb:17:in `call'
actionpack (6.0.1) lib/action_dispatch/middleware/show_exceptions.rb:33:in `call'
railties (6.0.1) lib/rails/rack/logger.rb:38:in `call_app'
railties (6.0.1) lib/rails/rack/logger.rb:26:in `block in call'
activesupport (6.0.1) lib/active_support/tagged_logging.rb:80:in `block in tagged'
activesupport (6.0.1) lib/active_support/tagged_logging.rb:28:in `tagged'
activesupport (6.0.1) lib/active_support/tagged_logging.rb:80:in `tagged'
railties (6.0.1) lib/rails/rack/logger.rb:26:in `call'
sprockets-rails (3.2.1) lib/sprockets/rails/quiet_assets.rb:13:in `call'
actionpack (6.0.1) lib/action_dispatch/middleware/remote_ip.rb:81:in `call'
actionpack (6.0.1) lib/action_dispatch/middleware/request_id.rb:27:in `call'
rack (2.0.7) lib/rack/method_override.rb:22:in `call'
rack (2.0.7) lib/rack/runtime.rb:22:in `call'
activesupport (6.0.1) lib/active_support/cache/strategy/local_cache_middleware.rb:29:in `call'
actionpack (6.0.1) lib/action_dispatch/middleware/executor.rb:14:in `call'
actionpack (6.0.1) lib/action_dispatch/middleware/static.rb:126:in `call'
rack (2.0.7) lib/rack/sendfile.rb:111:in `call'
actionpack (6.0.1) lib/action_dispatch/middleware/host_authorization.rb:83:in `call'
webpacker (4.0.7) lib/webpacker/dev_server_proxy.rb:29:in `perform_request'
rack-proxy (0.6.5) lib/rack/proxy.rb:57:in `call'
railties (6.0.1) lib/rails/engine.rb:526:in `call'
puma (3.12.1) lib/puma/configuration.rb:227:in `call'
puma (3.12.1) lib/puma/server.rb:660:in `handle_request'
puma (3.12.1) lib/puma/server.rb:474:in `process_client'
puma (3.12.1) lib/puma/server.rb:334:in `block in run'
puma (3.12.1) lib/puma/thread_pool.rb:135:in `block in spawn_thread'
Started GET "/cats" for ::1 at 2019-11-06 13:45:28 -0800
Processing by CatsController#index as HTML
  Rendering cats/index.html.erb within layouts/application
  [1m[36mCat Load (0.7ms)[0m  [1m[34mSELECT "cats".* FROM "cats"[0m
  ↳ app/views/cats/index.html.erb:3
  Rendered cats/index.html.erb within layouts/application (Duration: 3.5ms | Allocations: 736)
Completed 200 OK in 14ms (Views: 12.2ms | ActiveRecord: 0.7ms | Allocations: 5166)


Started GET "/cats/1" for ::1 at 2019-11-06 13:50:18 -0800
Processing by CatsController#show as HTML
  Parameters: {"id"=>"1"}
  [1m[36mCat Load (0.4ms)[0m  [1m[34mSELECT "cats".* FROM "cats" WHERE "cats"."id" = $1 LIMIT $2[0m  [["id", 1], ["LIMIT", 1]]
  ↳ app/controllers/cats_controller.rb:8:in `show'
  Rendering cats/show.html.erb within layouts/application
  Rendered cats/show.html.erb within layouts/application (Duration: 0.7ms | Allocations: 111)
Completed 200 OK in 40ms (Views: 15.8ms | ActiveRecord: 8.9ms | Allocations: 13051)


Started GET "/cats/2" for ::1 at 2019-11-06 13:50:20 -0800
Processing by CatsController#show as HTML
  Parameters: {"id"=>"2"}
  [1m[36mCat Load (5.2ms)[0m  [1m[34mSELECT "cats".* FROM "cats" WHERE "cats"."id" = $1 LIMIT $2[0m  [["id", 2], ["LIMIT", 1]]
  ↳ app/controllers/cats_controller.rb:8:in `show'
  Rendering cats/show.html.erb within layouts/application
  Rendered cats/show.html.erb within layouts/application (Duration: 0.1ms | Allocations: 7)
Completed 200 OK in 19ms (Views: 11.1ms | ActiveRecord: 5.2ms | Allocations: 4979)


Started GET "/cats/1" for ::1 at 2019-11-06 13:53:12 -0800
Processing by CatsController#show as HTML
  Parameters: {"id"=>"1"}
  [1m[36mCat Load (1.6ms)[0m  [1m[34mSELECT "cats".* FROM "cats" WHERE "cats"."id" = $1 LIMIT $2[0m  [["id", 1], ["LIMIT", 1]]
  ↳ app/controllers/cats_controller.rb:8:in `show'
  Rendering cats/show.html.erb within layouts/application
  Rendered cats/show.html.erb within layouts/application (Duration: 1.6ms | Allocations: 209)
Completed 200 OK in 32ms (Views: 23.1ms | ActiveRecord: 1.6ms | Allocations: 6101)


Started GET "/cats/1" for ::1 at 2019-11-06 13:53:26 -0800
Processing by CatsController#show as HTML
  Parameters: {"id"=>"1"}
  [1m[36mCat Load (0.6ms)[0m  [1m[34mSELECT "cats".* FROM "cats" WHERE "cats"."id" = $1 LIMIT $2[0m  [["id", 1], ["LIMIT", 1]]
  ↳ app/controllers/cats_controller.rb:8:in `show'
  Rendering cats/show.html.erb within layouts/application
  Rendered cats/show.html.erb within layouts/application (Duration: 0.9ms | Allocations: 199)
Completed 200 OK in 25ms (Views: 21.0ms | ActiveRecord: 0.6ms | Allocations: 6105)


Started GET "/cats/1" for ::1 at 2019-11-06 13:59:20 -0800
Processing by CatsController#show as HTML
  Parameters: {"id"=>"1"}
  [1m[36mCat Load (5.7ms)[0m  [1m[34mSELECT "cats".* FROM "cats" WHERE "cats"."id" = $1 LIMIT $2[0m  [["id", 1], ["LIMIT", 1]]
  ↳ app/controllers/cats_controller.rb:8:in `show'
  Rendering cats/show.html.erb within layouts/application
  Rendered cats/show.html.erb within layouts/application (Duration: 0.8ms | Allocations: 222)
Completed 200 OK in 59ms (Views: 39.7ms | ActiveRecord: 5.7ms | Allocations: 7002)


Started GET "/cats/new" for ::1 at 2019-11-06 14:11:14 -0800
Processing by CatsController#new as HTML
  Rendering cats/new.html.erb within layouts/application
  Rendered cats/new.html.erb within layouts/application (Duration: 2.4ms | Allocations: 166)
Completed 200 OK in 66ms (Views: 37.0ms | ActiveRecord: 0.0ms | Allocations: 11547)


Started GET "/cats/new" for ::1 at 2019-11-06 14:11:30 -0800
Processing by CatsController#new as HTML
  Rendering cats/new.html.erb within layouts/application
  Rendered cats/new.html.erb within layouts/application (Duration: 0.6ms | Allocations: 156)
Completed 200 OK in 15ms (Views: 14.5ms | ActiveRecord: 0.0ms | Allocations: 5514)


Started GET "/cats/new" for ::1 at 2019-11-06 14:14:42 -0800
Processing by CatsController#new as HTML
  Rendering cats/new.html.erb within layouts/application
  Rendered cats/new.html.erb within layouts/application (Duration: 0.6ms | Allocations: 167)
Completed 200 OK in 24ms (Views: 21.5ms | ActiveRecord: 0.0ms | Allocations: 5525)


Started GET "/cats/new" for ::1 at 2019-11-06 14:16:21 -0800
Processing by CatsController#new as HTML
  Rendering cats/new.html.erb within layouts/application
  Rendered cats/new.html.erb within layouts/application (Duration: 1.6ms | Allocations: 167)
Completed 200 OK in 66ms (Views: 62.3ms | ActiveRecord: 0.0ms | Allocations: 5532)


Started GET "/cats/new" for ::1 at 2019-11-06 14:16:49 -0800
Processing by CatsController#new as HTML
  Rendering cats/new.html.erb within layouts/application
  Rendered cats/new.html.erb within layouts/application (Duration: 1.5ms | Allocations: 167)
Completed 200 OK in 42ms (Views: 36.4ms | ActiveRecord: 0.0ms | Allocations: 5526)


Started GET "/cats/new" for ::1 at 2019-11-06 14:28:49 -0800
Processing by CatsController#new as HTML
Completed 500 Internal Server Error in 33ms (ActiveRecord: 0.0ms | Allocations: 4241)


  
NameError (undefined local variable or method `colors' for #<Class:0x00007f9fc7e51848>):
  
app/models/cat.rb:8:in `<class:Cat>'
app/models/cat.rb:3:in `<top (required)>'
app/controllers/cats_controller.rb:13:in `new'
Started GET "/cats/new" for ::1 at 2019-11-06 14:29:23 -0800
Processing by CatsController#new as HTML
  Rendering cats/new.html.erb within layouts/application
  Rendered cats/new.html.erb within layouts/application (Duration: 3.7ms | Allocations: 261)
Completed 200 OK in 125ms (Views: 51.3ms | ActiveRecord: 37.9ms | Allocations: 11844)


Started GET "/cats/new" for ::1 at 2019-11-06 14:33:28 -0800
Processing by CatsController#new as HTML
  Rendering cats/new.html.erb within layouts/application
  Rendered cats/new.html.erb within layouts/application (Duration: 6.6ms | Allocations: 263)
Completed 200 OK in 138ms (Views: 127.1ms | ActiveRecord: 0.0ms | Allocations: 5622)


Started GET "/cats/new" for ::1 at 2019-11-06 14:34:13 -0800
Processing by CatsController#new as HTML
  Rendering cats/new.html.erb within layouts/application
  Rendered cats/new.html.erb within layouts/application (Duration: 1.6ms | Allocations: 268)
Completed 200 OK in 137ms (Views: 134.9ms | ActiveRecord: 0.0ms | Allocations: 5624)


Started GET "/cats/new" for ::1 at 2019-11-06 14:39:11 -0800
Processing by CatsController#new as HTML
  Rendering cats/new.html.erb within layouts/application
  Rendered cats/_form.html.erb (Duration: 1.1ms | Allocations: 226)
  Rendered cats/new.html.erb within layouts/application (Duration: 7.3ms | Allocations: 582)
Completed 200 OK in 244ms (Views: 241.4ms | ActiveRecord: 0.0ms | Allocations: 5946)


Started GET "/cats/1/edit" for ::1 at 2019-11-06 15:01:15 -0800
Processing by CatsController#edit as HTML
  Parameters: {"id"=>"1"}
  [1m[36mCat Load (1.5ms)[0m  [1m[34mSELECT "cats".* FROM "cats" WHERE "cats"."id" = $1 LIMIT $2[0m  [["id", 1], ["LIMIT", 1]]
  ↳ app/controllers/cats_controller.rb:18:in `edit'
  Rendering cats/edit.html.erb within layouts/application
  Rendered cats/_form.html.erb (Duration: 0.8ms | Allocations: 245)
  Rendered cats/edit.html.erb within layouts/application (Duration: 8.0ms | Allocations: 639)
Completed 200 OK in 95ms (Views: 36.0ms | ActiveRecord: 1.7ms | Allocations: 12822)


Started GET "/cats/1/edit" for ::1 at 2019-11-06 15:01:46 -0800
Processing by CatsController#edit as HTML
  Parameters: {"id"=>"1"}
  [1m[36mCat Load (0.4ms)[0m  [1m[34mSELECT "cats".* FROM "cats" WHERE "cats"."id" = $1 LIMIT $2[0m  [["id", 1], ["LIMIT", 1]]
  ↳ app/controllers/cats_controller.rb:18:in `edit'
  Rendering cats/edit.html.erb within layouts/application
  Rendered cats/_form.html.erb (Duration: 796.8ms | Allocations: 148029)
  Rendered cats/edit.html.erb within layouts/application (Duration: 798.1ms | Allocations: 148418)
Completed 500 Internal Server Error in 804ms (ActiveRecord: 0.4ms | Allocations: 150158)


  
ActionView::Template::Error (undefined local variable or method `name' for #<#<Class:0x00007f9fce912740>:0x00007f9fce910df0>):
    3: 
    4:     <label>
    5:         Name: 
    6:         <input type="text" value=<%=cat[name]%>%>
    7:     </label>
    8: 
    9:     <label>
  
app/views/cats/_form.html.erb:6
app/views/cats/edit.html.erb:1
app/controllers/cats_controller.rb:19:in `edit'
Started GET "/cats/1/edit" for ::1 at 2019-11-06 15:02:07 -0800
Processing by CatsController#edit as HTML
  Parameters: {"id"=>"1"}
  [1m[36mCat Load (3.3ms)[0m  [1m[34mSELECT "cats".* FROM "cats" WHERE "cats"."id" = $1 LIMIT $2[0m  [["id", 1], ["LIMIT", 1]]
  ↳ app/controllers/cats_controller.rb:18:in `edit'
  Rendering cats/edit.html.erb within layouts/application
  Rendered cats/_form.html.erb (Duration: 1069.1ms | Allocations: 157591)
  Rendered cats/edit.html.erb within layouts/application (Duration: 1071.1ms | Allocations: 157978)
Completed 500 Internal Server Error in 1080ms (ActiveRecord: 3.3ms | Allocations: 159717)


  
ActionView::Template::Error (undefined local variable or method `name' for #<#<Class:0x00007f9fce94aa50>:0x00007f9fce9491a0>):
    3: 
    4:     <label>
    5:         Name: 
    6:         <input type="text" value=<%=cat[name]%>>
    7:     </label>
    8: 
    9:     <label>
  
app/views/cats/_form.html.erb:6
app/views/cats/edit.html.erb:1
app/controllers/cats_controller.rb:19:in `edit'
Started GET "/cats/1/edit" for ::1 at 2019-11-06 15:02:57 -0800
Processing by CatsController#edit as HTML
  Parameters: {"id"=>"1"}
  [1m[36mCat Load (0.7ms)[0m  [1m[34mSELECT "cats".* FROM "cats" WHERE "cats"."id" = $1 LIMIT $2[0m  [["id", 1], ["LIMIT", 1]]
  ↳ app/controllers/cats_controller.rb:18:in `edit'
  Rendering cats/edit.html.erb within layouts/application
  Rendered cats/_form.html.erb (Duration: 0.7ms | Allocations: 261)
  Rendered cats/edit.html.erb within layouts/application (Duration: 2.4ms | Allocations: 644)
Completed 200 OK in 44ms (Views: 40.3ms | ActiveRecord: 0.7ms | Allocations: 6544)


Started GET "/cats/1/edit" for ::1 at 2019-11-06 15:06:20 -0800
Processing by CatsController#edit as HTML
  Parameters: {"id"=>"1"}
  [1m[36mCat Load (0.4ms)[0m  [1m[34mSELECT "cats".* FROM "cats" WHERE "cats"."id" = $1 LIMIT $2[0m  [["id", 1], ["LIMIT", 1]]
  ↳ app/controllers/cats_controller.rb:18:in `edit'
  Rendering cats/edit.html.erb within layouts/application
  Rendered cats/_form.html.erb (Duration: 5.9ms | Allocations: 316)
  Rendered cats/edit.html.erb within layouts/application (Duration: 9.9ms | Allocations: 702)
Completed 200 OK in 90ms (Views: 86.9ms | ActiveRecord: 0.4ms | Allocations: 6609)


Started GET "/cats/1/edit" for ::1 at 2019-11-06 15:06:39 -0800
Processing by CatsController#edit as HTML
  Parameters: {"id"=>"1"}
  [1m[36mCat Load (0.5ms)[0m  [1m[34mSELECT "cats".* FROM "cats" WHERE "cats"."id" = $1 LIMIT $2[0m  [["id", 1], ["LIMIT", 1]]
  ↳ app/controllers/cats_controller.rb:18:in `edit'
  Rendering cats/edit.html.erb within layouts/application
  Rendered cats/_form.html.erb (Duration: 0.9ms | Allocations: 303)
  Rendered cats/edit.html.erb within layouts/application (Duration: 2.5ms | Allocations: 685)
Completed 200 OK in 22ms (Views: 18.9ms | ActiveRecord: 0.5ms | Allocations: 6577)


Started GET "/cats/1/edit" for ::1 at 2019-11-06 15:07:28 -0800
Processing by CatsController#edit as HTML
  Parameters: {"id"=>"1"}
  [1m[36mCat Load (0.3ms)[0m  [1m[34mSELECT "cats".* FROM "cats" WHERE "cats"."id" = $1 LIMIT $2[0m  [["id", 1], ["LIMIT", 1]]
  ↳ app/controllers/cats_controller.rb:18:in `edit'
  Rendering cats/edit.html.erb within layouts/application
  Rendered cats/_form.html.erb (Duration: 1.0ms | Allocations: 342)
  Rendered cats/edit.html.erb within layouts/application (Duration: 2.6ms | Allocations: 724)
Completed 200 OK in 33ms (Views: 30.2ms | ActiveRecord: 0.3ms | Allocations: 6619)


Started GET "/cats/1/edit" for ::1 at 2019-11-06 15:08:05 -0800
Processing by CatsController#edit as HTML
  Parameters: {"id"=>"1"}
  [1m[36mCat Load (0.6ms)[0m  [1m[34mSELECT "cats".* FROM "cats" WHERE "cats"."id" = $1 LIMIT $2[0m  [["id", 1], ["LIMIT", 1]]
  ↳ app/controllers/cats_controller.rb:18:in `edit'
  Rendering cats/edit.html.erb within layouts/application
  Rendered cats/_form.html.erb (Duration: 3.2ms | Allocations: 381)
  Rendered cats/edit.html.erb within layouts/application (Duration: 6.5ms | Allocations: 763)
Completed 200 OK in 37ms (Views: 33.5ms | ActiveRecord: 0.6ms | Allocations: 6660)


Started GET "/cats/1/edit" for ::1 at 2019-11-06 15:09:06 -0800
Processing by CatsController#edit as HTML
  Parameters: {"id"=>"1"}
  [1m[36mCat Load (1.5ms)[0m  [1m[34mSELECT "cats".* FROM "cats" WHERE "cats"."id" = $1 LIMIT $2[0m  [["id", 1], ["LIMIT", 1]]
  ↳ app/controllers/cats_controller.rb:18:in `edit'
  Rendering cats/edit.html.erb within layouts/application
  Rendered cats/_form.html.erb (Duration: 3.3ms | Allocations: 384)
  Rendered cats/edit.html.erb within layouts/application (Duration: 4.9ms | Allocations: 766)
Completed 200 OK in 57ms (Views: 51.3ms | ActiveRecord: 1.5ms | Allocations: 6663)


Started PATCH "/cats/1/edit" for ::1 at 2019-11-06 15:09:10 -0800
  
ActionController::RoutingError (No route matches [PATCH] "/cats/1/edit"):
  
actionpack (6.0.1) lib/action_dispatch/middleware/debug_exceptions.rb:36:in `call'
web-console (4.0.1) lib/web_console/middleware.rb:132:in `call_app'
web-console (4.0.1) lib/web_console/middleware.rb:28:in `block in call'
web-console (4.0.1) lib/web_console/middleware.rb:17:in `catch'
web-console (4.0.1) lib/web_console/middleware.rb:17:in `call'
actionpack (6.0.1) lib/action_dispatch/middleware/show_exceptions.rb:33:in `call'
railties (6.0.1) lib/rails/rack/logger.rb:38:in `call_app'
railties (6.0.1) lib/rails/rack/logger.rb:26:in `block in call'
activesupport (6.0.1) lib/active_support/tagged_logging.rb:80:in `block in tagged'
activesupport (6.0.1) lib/active_support/tagged_logging.rb:28:in `tagged'
activesupport (6.0.1) lib/active_support/tagged_logging.rb:80:in `tagged'
railties (6.0.1) lib/rails/rack/logger.rb:26:in `call'
sprockets-rails (3.2.1) lib/sprockets/rails/quiet_assets.rb:13:in `call'
actionpack (6.0.1) lib/action_dispatch/middleware/remote_ip.rb:81:in `call'
actionpack (6.0.1) lib/action_dispatch/middleware/request_id.rb:27:in `call'
rack (2.0.7) lib/rack/method_override.rb:22:in `call'
rack (2.0.7) lib/rack/runtime.rb:22:in `call'
activesupport (6.0.1) lib/active_support/cache/strategy/local_cache_middleware.rb:29:in `call'
actionpack (6.0.1) lib/action_dispatch/middleware/executor.rb:14:in `call'
actionpack (6.0.1) lib/action_dispatch/middleware/static.rb:126:in `call'
rack (2.0.7) lib/rack/sendfile.rb:111:in `call'
actionpack (6.0.1) lib/action_dispatch/middleware/host_authorization.rb:83:in `call'
webpacker (4.0.7) lib/webpacker/dev_server_proxy.rb:29:in `perform_request'
rack-proxy (0.6.5) lib/rack/proxy.rb:57:in `call'
railties (6.0.1) lib/rails/engine.rb:526:in `call'
puma (3.12.1) lib/puma/configuration.rb:227:in `call'
puma (3.12.1) lib/puma/server.rb:660:in `handle_request'
puma (3.12.1) lib/puma/server.rb:474:in `process_client'
puma (3.12.1) lib/puma/server.rb:334:in `block in run'
puma (3.12.1) lib/puma/thread_pool.rb:135:in `block in spawn_thread'
Started PATCH "/cats/1/edit" for ::1 at 2019-11-06 15:10:08 -0800
  
ActionController::RoutingError (No route matches [PATCH] "/cats/1/edit"):
  
actionpack (6.0.1) lib/action_dispatch/middleware/debug_exceptions.rb:36:in `call'
web-console (4.0.1) lib/web_console/middleware.rb:132:in `call_app'
web-console (4.0.1) lib/web_console/middleware.rb:28:in `block in call'
web-console (4.0.1) lib/web_console/middleware.rb:17:in `catch'
web-console (4.0.1) lib/web_console/middleware.rb:17:in `call'
actionpack (6.0.1) lib/action_dispatch/middleware/show_exceptions.rb:33:in `call'
railties (6.0.1) lib/rails/rack/logger.rb:38:in `call_app'
railties (6.0.1) lib/rails/rack/logger.rb:26:in `block in call'
activesupport (6.0.1) lib/active_support/tagged_logging.rb:80:in `block in tagged'
activesupport (6.0.1) lib/active_support/tagged_logging.rb:28:in `tagged'
activesupport (6.0.1) lib/active_support/tagged_logging.rb:80:in `tagged'
railties (6.0.1) lib/rails/rack/logger.rb:26:in `call'
sprockets-rails (3.2.1) lib/sprockets/rails/quiet_assets.rb:13:in `call'
actionpack (6.0.1) lib/action_dispatch/middleware/remote_ip.rb:81:in `call'
actionpack (6.0.1) lib/action_dispatch/middleware/request_id.rb:27:in `call'
rack (2.0.7) lib/rack/method_override.rb:22:in `call'
rack (2.0.7) lib/rack/runtime.rb:22:in `call'
activesupport (6.0.1) lib/active_support/cache/strategy/local_cache_middleware.rb:29:in `call'
actionpack (6.0.1) lib/action_dispatch/middleware/executor.rb:14:in `call'
actionpack (6.0.1) lib/action_dispatch/middleware/static.rb:126:in `call'
rack (2.0.7) lib/rack/sendfile.rb:111:in `call'
actionpack (6.0.1) lib/action_dispatch/middleware/host_authorization.rb:83:in `call'
webpacker (4.0.7) lib/webpacker/dev_server_proxy.rb:29:in `perform_request'
rack-proxy (0.6.5) lib/rack/proxy.rb:57:in `call'
railties (6.0.1) lib/rails/engine.rb:526:in `call'
puma (3.12.1) lib/puma/configuration.rb:227:in `call'
puma (3.12.1) lib/puma/server.rb:660:in `handle_request'
puma (3.12.1) lib/puma/server.rb:474:in `process_client'
puma (3.12.1) lib/puma/server.rb:334:in `block in run'
puma (3.12.1) lib/puma/thread_pool.rb:135:in `block in spawn_thread'
Started PATCH "/cats/1/edit" for ::1 at 2019-11-06 15:11:04 -0800
  
ActionController::RoutingError (No route matches [PATCH] "/cats/1/edit"):
  
actionpack (6.0.1) lib/action_dispatch/middleware/debug_exceptions.rb:36:in `call'
web-console (4.0.1) lib/web_console/middleware.rb:132:in `call_app'
web-console (4.0.1) lib/web_console/middleware.rb:28:in `block in call'
web-console (4.0.1) lib/web_console/middleware.rb:17:in `catch'
web-console (4.0.1) lib/web_console/middleware.rb:17:in `call'
actionpack (6.0.1) lib/action_dispatch/middleware/show_exceptions.rb:33:in `call'
railties (6.0.1) lib/rails/rack/logger.rb:38:in `call_app'
railties (6.0.1) lib/rails/rack/logger.rb:26:in `block in call'
activesupport (6.0.1) lib/active_support/tagged_logging.rb:80:in `block in tagged'
activesupport (6.0.1) lib/active_support/tagged_logging.rb:28:in `tagged'
activesupport (6.0.1) lib/active_support/tagged_logging.rb:80:in `tagged'
railties (6.0.1) lib/rails/rack/logger.rb:26:in `call'
sprockets-rails (3.2.1) lib/sprockets/rails/quiet_assets.rb:13:in `call'
actionpack (6.0.1) lib/action_dispatch/middleware/remote_ip.rb:81:in `call'
actionpack (6.0.1) lib/action_dispatch/middleware/request_id.rb:27:in `call'
rack (2.0.7) lib/rack/method_override.rb:22:in `call'
rack (2.0.7) lib/rack/runtime.rb:22:in `call'
activesupport (6.0.1) lib/active_support/cache/strategy/local_cache_middleware.rb:29:in `call'
actionpack (6.0.1) lib/action_dispatch/middleware/executor.rb:14:in `call'
actionpack (6.0.1) lib/action_dispatch/middleware/static.rb:126:in `call'
rack (2.0.7) lib/rack/sendfile.rb:111:in `call'
actionpack (6.0.1) lib/action_dispatch/middleware/host_authorization.rb:83:in `call'
webpacker (4.0.7) lib/webpacker/dev_server_proxy.rb:29:in `perform_request'
rack-proxy (0.6.5) lib/rack/proxy.rb:57:in `call'
railties (6.0.1) lib/rails/engine.rb:526:in `call'
puma (3.12.1) lib/puma/configuration.rb:227:in `call'
puma (3.12.1) lib/puma/server.rb:660:in `handle_request'
puma (3.12.1) lib/puma/server.rb:474:in `process_client'
puma (3.12.1) lib/puma/server.rb:334:in `block in run'
puma (3.12.1) lib/puma/thread_pool.rb:135:in `block in spawn_thread'
Started PATCH "/cats/1/edit" for ::1 at 2019-11-06 15:12:29 -0800
  
ActionController::RoutingError (No route matches [PATCH] "/cats/1/edit"):
  
actionpack (6.0.1) lib/action_dispatch/middleware/debug_exceptions.rb:36:in `call'
web-console (4.0.1) lib/web_console/middleware.rb:132:in `call_app'
web-console (4.0.1) lib/web_console/middleware.rb:28:in `block in call'
web-console (4.0.1) lib/web_console/middleware.rb:17:in `catch'
web-console (4.0.1) lib/web_console/middleware.rb:17:in `call'
actionpack (6.0.1) lib/action_dispatch/middleware/show_exceptions.rb:33:in `call'
railties (6.0.1) lib/rails/rack/logger.rb:38:in `call_app'
railties (6.0.1) lib/rails/rack/logger.rb:26:in `block in call'
activesupport (6.0.1) lib/active_support/tagged_logging.rb:80:in `block in tagged'
activesupport (6.0.1) lib/active_support/tagged_logging.rb:28:in `tagged'
activesupport (6.0.1) lib/active_support/tagged_logging.rb:80:in `tagged'
railties (6.0.1) lib/rails/rack/logger.rb:26:in `call'
sprockets-rails (3.2.1) lib/sprockets/rails/quiet_assets.rb:13:in `call'
actionpack (6.0.1) lib/action_dispatch/middleware/remote_ip.rb:81:in `call'
actionpack (6.0.1) lib/action_dispatch/middleware/request_id.rb:27:in `call'
rack (2.0.7) lib/rack/method_override.rb:22:in `call'
rack (2.0.7) lib/rack/runtime.rb:22:in `call'
activesupport (6.0.1) lib/active_support/cache/strategy/local_cache_middleware.rb:29:in `call'
actionpack (6.0.1) lib/action_dispatch/middleware/executor.rb:14:in `call'
actionpack (6.0.1) lib/action_dispatch/middleware/static.rb:126:in `call'
rack (2.0.7) lib/rack/sendfile.rb:111:in `call'
actionpack (6.0.1) lib/action_dispatch/middleware/host_authorization.rb:83:in `call'
webpacker (4.0.7) lib/webpacker/dev_server_proxy.rb:29:in `perform_request'
rack-proxy (0.6.5) lib/rack/proxy.rb:57:in `call'
railties (6.0.1) lib/rails/engine.rb:526:in `call'
puma (3.12.1) lib/puma/configuration.rb:227:in `call'
puma (3.12.1) lib/puma/server.rb:660:in `handle_request'
puma (3.12.1) lib/puma/server.rb:474:in `process_client'
puma (3.12.1) lib/puma/server.rb:334:in `block in run'
puma (3.12.1) lib/puma/thread_pool.rb:135:in `block in spawn_thread'
Started GET "/cats/1/" for ::1 at 2019-11-06 15:12:53 -0800
Processing by CatsController#show as HTML
  Parameters: {"id"=>"1"}
  [1m[36mCat Load (1.2ms)[0m  [1m[34mSELECT "cats".* FROM "cats" WHERE "cats"."id" = $1 LIMIT $2[0m  [["id", 1], ["LIMIT", 1]]
  ↳ app/controllers/cats_controller.rb:8:in `show'
  Rendering cats/show.html.erb within layouts/application
  Rendered cats/show.html.erb within layouts/application (Duration: 1.1ms | Allocations: 227)
Completed 200 OK in 49ms (Views: 32.1ms | ActiveRecord: 1.2ms | Allocations: 6123)


Started GET "/cats/1//edit" for ::1 at 2019-11-06 15:12:57 -0800
Processing by CatsController#edit as HTML
  Parameters: {"id"=>"1"}
  [1m[36mCat Load (0.4ms)[0m  [1m[34mSELECT "cats".* FROM "cats" WHERE "cats"."id" = $1 LIMIT $2[0m  [["id", 1], ["LIMIT", 1]]
  ↳ app/controllers/cats_controller.rb:18:in `edit'
  Rendering cats/edit.html.erb within layouts/application
  Rendered cats/_form.html.erb (Duration: 2.4ms | Allocations: 383)
  Rendered cats/edit.html.erb within layouts/application (Duration: 7.3ms | Allocations: 769)
Completed 200 OK in 26ms (Views: 21.5ms | ActiveRecord: 0.4ms | Allocations: 5878)


Started PATCH "/cats/1//edit" for ::1 at 2019-11-06 15:13:51 -0800
  
ActionController::RoutingError (No route matches [PATCH] "/cats/1/edit"):
  
actionpack (6.0.1) lib/action_dispatch/middleware/debug_exceptions.rb:36:in `call'
web-console (4.0.1) lib/web_console/middleware.rb:132:in `call_app'
web-console (4.0.1) lib/web_console/middleware.rb:28:in `block in call'
web-console (4.0.1) lib/web_console/middleware.rb:17:in `catch'
web-console (4.0.1) lib/web_console/middleware.rb:17:in `call'
actionpack (6.0.1) lib/action_dispatch/middleware/show_exceptions.rb:33:in `call'
railties (6.0.1) lib/rails/rack/logger.rb:38:in `call_app'
railties (6.0.1) lib/rails/rack/logger.rb:26:in `block in call'
activesupport (6.0.1) lib/active_support/tagged_logging.rb:80:in `block in tagged'
activesupport (6.0.1) lib/active_support/tagged_logging.rb:28:in `tagged'
activesupport (6.0.1) lib/active_support/tagged_logging.rb:80:in `tagged'
railties (6.0.1) lib/rails/rack/logger.rb:26:in `call'
sprockets-rails (3.2.1) lib/sprockets/rails/quiet_assets.rb:13:in `call'
actionpack (6.0.1) lib/action_dispatch/middleware/remote_ip.rb:81:in `call'
actionpack (6.0.1) lib/action_dispatch/middleware/request_id.rb:27:in `call'
rack (2.0.7) lib/rack/method_override.rb:22:in `call'
rack (2.0.7) lib/rack/runtime.rb:22:in `call'
activesupport (6.0.1) lib/active_support/cache/strategy/local_cache_middleware.rb:29:in `call'
actionpack (6.0.1) lib/action_dispatch/middleware/executor.rb:14:in `call'
actionpack (6.0.1) lib/action_dispatch/middleware/static.rb:126:in `call'
rack (2.0.7) lib/rack/sendfile.rb:111:in `call'
actionpack (6.0.1) lib/action_dispatch/middleware/host_authorization.rb:83:in `call'
webpacker (4.0.7) lib/webpacker/dev_server_proxy.rb:29:in `perform_request'
rack-proxy (0.6.5) lib/rack/proxy.rb:57:in `call'
railties (6.0.1) lib/rails/engine.rb:526:in `call'
puma (3.12.1) lib/puma/configuration.rb:227:in `call'
puma (3.12.1) lib/puma/server.rb:660:in `handle_request'
puma (3.12.1) lib/puma/server.rb:474:in `process_client'
puma (3.12.1) lib/puma/server.rb:334:in `block in run'
puma (3.12.1) lib/puma/thread_pool.rb:135:in `block in spawn_thread'
Started PATCH "/cats/1//edit" for ::1 at 2019-11-06 15:17:38 -0800
  
ActionController::RoutingError (No route matches [PATCH] "/cats/1/edit"):
  
actionpack (6.0.1) lib/action_dispatch/middleware/debug_exceptions.rb:36:in `call'
web-console (4.0.1) lib/web_console/middleware.rb:132:in `call_app'
web-console (4.0.1) lib/web_console/middleware.rb:28:in `block in call'
web-console (4.0.1) lib/web_console/middleware.rb:17:in `catch'
web-console (4.0.1) lib/web_console/middleware.rb:17:in `call'
actionpack (6.0.1) lib/action_dispatch/middleware/show_exceptions.rb:33:in `call'
railties (6.0.1) lib/rails/rack/logger.rb:38:in `call_app'
railties (6.0.1) lib/rails/rack/logger.rb:26:in `block in call'
activesupport (6.0.1) lib/active_support/tagged_logging.rb:80:in `block in tagged'
activesupport (6.0.1) lib/active_support/tagged_logging.rb:28:in `tagged'
activesupport (6.0.1) lib/active_support/tagged_logging.rb:80:in `tagged'
railties (6.0.1) lib/rails/rack/logger.rb:26:in `call'
sprockets-rails (3.2.1) lib/sprockets/rails/quiet_assets.rb:13:in `call'
actionpack (6.0.1) lib/action_dispatch/middleware/remote_ip.rb:81:in `call'
actionpack (6.0.1) lib/action_dispatch/middleware/request_id.rb:27:in `call'
rack (2.0.7) lib/rack/method_override.rb:22:in `call'
rack (2.0.7) lib/rack/runtime.rb:22:in `call'
activesupport (6.0.1) lib/active_support/cache/strategy/local_cache_middleware.rb:29:in `call'
actionpack (6.0.1) lib/action_dispatch/middleware/executor.rb:14:in `call'
actionpack (6.0.1) lib/action_dispatch/middleware/static.rb:126:in `call'
rack (2.0.7) lib/rack/sendfile.rb:111:in `call'
actionpack (6.0.1) lib/action_dispatch/middleware/host_authorization.rb:83:in `call'
webpacker (4.0.7) lib/webpacker/dev_server_proxy.rb:29:in `perform_request'
rack-proxy (0.6.5) lib/rack/proxy.rb:57:in `call'
railties (6.0.1) lib/rails/engine.rb:526:in `call'
puma (3.12.1) lib/puma/configuration.rb:227:in `call'
puma (3.12.1) lib/puma/server.rb:660:in `handle_request'
puma (3.12.1) lib/puma/server.rb:474:in `process_client'
puma (3.12.1) lib/puma/server.rb:334:in `block in run'
puma (3.12.1) lib/puma/thread_pool.rb:135:in `block in spawn_thread'
Started PATCH "/cats/1//edit" for ::1 at 2019-11-06 15:21:00 -0800
  
ActionController::RoutingError (No route matches [PATCH] "/cats/1/edit"):
  
actionpack (6.0.1) lib/action_dispatch/middleware/debug_exceptions.rb:36:in `call'
web-console (4.0.1) lib/web_console/middleware.rb:132:in `call_app'
web-console (4.0.1) lib/web_console/middleware.rb:28:in `block in call'
web-console (4.0.1) lib/web_console/middleware.rb:17:in `catch'
web-console (4.0.1) lib/web_console/middleware.rb:17:in `call'
actionpack (6.0.1) lib/action_dispatch/middleware/show_exceptions.rb:33:in `call'
railties (6.0.1) lib/rails/rack/logger.rb:38:in `call_app'
railties (6.0.1) lib/rails/rack/logger.rb:26:in `block in call'
activesupport (6.0.1) lib/active_support/tagged_logging.rb:80:in `block in tagged'
activesupport (6.0.1) lib/active_support/tagged_logging.rb:28:in `tagged'
activesupport (6.0.1) lib/active_support/tagged_logging.rb:80:in `tagged'
railties (6.0.1) lib/rails/rack/logger.rb:26:in `call'
sprockets-rails (3.2.1) lib/sprockets/rails/quiet_assets.rb:13:in `call'
actionpack (6.0.1) lib/action_dispatch/middleware/remote_ip.rb:81:in `call'
actionpack (6.0.1) lib/action_dispatch/middleware/request_id.rb:27:in `call'
rack (2.0.7) lib/rack/method_override.rb:22:in `call'
rack (2.0.7) lib/rack/runtime.rb:22:in `call'
activesupport (6.0.1) lib/active_support/cache/strategy/local_cache_middleware.rb:29:in `call'
actionpack (6.0.1) lib/action_dispatch/middleware/executor.rb:14:in `call'
actionpack (6.0.1) lib/action_dispatch/middleware/static.rb:126:in `call'
rack (2.0.7) lib/rack/sendfile.rb:111:in `call'
actionpack (6.0.1) lib/action_dispatch/middleware/host_authorization.rb:83:in `call'
webpacker (4.0.7) lib/webpacker/dev_server_proxy.rb:29:in `perform_request'
rack-proxy (0.6.5) lib/rack/proxy.rb:57:in `call'
railties (6.0.1) lib/rails/engine.rb:526:in `call'
puma (3.12.1) lib/puma/configuration.rb:227:in `call'
puma (3.12.1) lib/puma/server.rb:660:in `handle_request'
puma (3.12.1) lib/puma/server.rb:474:in `process_client'
puma (3.12.1) lib/puma/server.rb:334:in `block in run'
puma (3.12.1) lib/puma/thread_pool.rb:135:in `block in spawn_thread'
Started PATCH "/cats/1//edit" for ::1 at 2019-11-06 15:26:01 -0800
  
ActionController::RoutingError (No route matches [PATCH] "/cats/1/edit"):
  
actionpack (6.0.1) lib/action_dispatch/middleware/debug_exceptions.rb:36:in `call'
web-console (4.0.1) lib/web_console/middleware.rb:132:in `call_app'
web-console (4.0.1) lib/web_console/middleware.rb:28:in `block in call'
web-console (4.0.1) lib/web_console/middleware.rb:17:in `catch'
web-console (4.0.1) lib/web_console/middleware.rb:17:in `call'
actionpack (6.0.1) lib/action_dispatch/middleware/show_exceptions.rb:33:in `call'
railties (6.0.1) lib/rails/rack/logger.rb:38:in `call_app'
railties (6.0.1) lib/rails/rack/logger.rb:26:in `block in call'
activesupport (6.0.1) lib/active_support/tagged_logging.rb:80:in `block in tagged'
activesupport (6.0.1) lib/active_support/tagged_logging.rb:28:in `tagged'
activesupport (6.0.1) lib/active_support/tagged_logging.rb:80:in `tagged'
railties (6.0.1) lib/rails/rack/logger.rb:26:in `call'
sprockets-rails (3.2.1) lib/sprockets/rails/quiet_assets.rb:13:in `call'
actionpack (6.0.1) lib/action_dispatch/middleware/remote_ip.rb:81:in `call'
actionpack (6.0.1) lib/action_dispatch/middleware/request_id.rb:27:in `call'
rack (2.0.7) lib/rack/method_override.rb:22:in `call'
rack (2.0.7) lib/rack/runtime.rb:22:in `call'
activesupport (6.0.1) lib/active_support/cache/strategy/local_cache_middleware.rb:29:in `call'
actionpack (6.0.1) lib/action_dispatch/middleware/executor.rb:14:in `call'
actionpack (6.0.1) lib/action_dispatch/middleware/static.rb:126:in `call'
rack (2.0.7) lib/rack/sendfile.rb:111:in `call'
actionpack (6.0.1) lib/action_dispatch/middleware/host_authorization.rb:83:in `call'
webpacker (4.0.7) lib/webpacker/dev_server_proxy.rb:29:in `perform_request'
rack-proxy (0.6.5) lib/rack/proxy.rb:57:in `call'
railties (6.0.1) lib/rails/engine.rb:526:in `call'
puma (3.12.1) lib/puma/configuration.rb:227:in `call'
puma (3.12.1) lib/puma/server.rb:660:in `handle_request'
puma (3.12.1) lib/puma/server.rb:474:in `process_client'
puma (3.12.1) lib/puma/server.rb:334:in `block in run'
puma (3.12.1) lib/puma/thread_pool.rb:135:in `block in spawn_thread'
Started GET "/cats/1//edit" for ::1 at 2019-11-06 15:27:36 -0800
Processing by CatsController#edit as HTML
  Parameters: {"id"=>"1"}
  [1m[36mCat Load (0.5ms)[0m  [1m[34mSELECT "cats".* FROM "cats" WHERE "cats"."id" = $1 LIMIT $2[0m  [["id", 1], ["LIMIT", 1]]
  ↳ app/controllers/cats_controller.rb:18:in `edit'
  Rendering cats/edit.html.erb within layouts/application
  Rendered cats/edit.html.erb within layouts/application (Duration: 674.0ms | Allocations: 147718)
Completed 500 Internal Server Error in 733ms (ActiveRecord: 32.0ms | Allocations: 155873)


  
ActionView::Template::Error (undefined local variable or method `cat' for #<#<Class:0x00007f9fcbcf87b8>:0x00007f9fce2da580>
Did you mean?  @cat):
    1: <%= render 'form', link: cat_url(cat), to_do: "patch", cat: @cat%>
  
app/views/cats/edit.html.erb:1
app/controllers/cats_controller.rb:19:in `edit'
Started GET "/cats/1//edit" for ::1 at 2019-11-06 15:28:14 -0800
Processing by CatsController#edit as HTML
  Parameters: {"id"=>"1"}
  [1m[36mCat Load (0.4ms)[0m  [1m[34mSELECT "cats".* FROM "cats" WHERE "cats"."id" = $1 LIMIT $2[0m  [["id", 1], ["LIMIT", 1]]
  ↳ app/controllers/cats_controller.rb:18:in `edit'
  Rendering cats/edit.html.erb within layouts/application
  Rendered cats/_form.html.erb (Duration: 1.3ms | Allocations: 387)
  Rendered cats/edit.html.erb within layouts/application (Duration: 2.9ms | Allocations: 753)
Completed 200 OK in 53ms (Views: 49.6ms | ActiveRecord: 0.4ms | Allocations: 6655)


Started PATCH "/cats/1//edit" for ::1 at 2019-11-06 15:28:17 -0800
  
ActionController::RoutingError (No route matches [PATCH] "/cats/1/edit"):
  
actionpack (6.0.1) lib/action_dispatch/middleware/debug_exceptions.rb:36:in `call'
web-console (4.0.1) lib/web_console/middleware.rb:132:in `call_app'
web-console (4.0.1) lib/web_console/middleware.rb:28:in `block in call'
web-console (4.0.1) lib/web_console/middleware.rb:17:in `catch'
web-console (4.0.1) lib/web_console/middleware.rb:17:in `call'
actionpack (6.0.1) lib/action_dispatch/middleware/show_exceptions.rb:33:in `call'
railties (6.0.1) lib/rails/rack/logger.rb:38:in `call_app'
railties (6.0.1) lib/rails/rack/logger.rb:26:in `block in call'
activesupport (6.0.1) lib/active_support/tagged_logging.rb:80:in `block in tagged'
activesupport (6.0.1) lib/active_support/tagged_logging.rb:28:in `tagged'
activesupport (6.0.1) lib/active_support/tagged_logging.rb:80:in `tagged'
railties (6.0.1) lib/rails/rack/logger.rb:26:in `call'
sprockets-rails (3.2.1) lib/sprockets/rails/quiet_assets.rb:13:in `call'
actionpack (6.0.1) lib/action_dispatch/middleware/remote_ip.rb:81:in `call'
actionpack (6.0.1) lib/action_dispatch/middleware/request_id.rb:27:in `call'
rack (2.0.7) lib/rack/method_override.rb:22:in `call'
rack (2.0.7) lib/rack/runtime.rb:22:in `call'
activesupport (6.0.1) lib/active_support/cache/strategy/local_cache_middleware.rb:29:in `call'
actionpack (6.0.1) lib/action_dispatch/middleware/executor.rb:14:in `call'
actionpack (6.0.1) lib/action_dispatch/middleware/static.rb:126:in `call'
rack (2.0.7) lib/rack/sendfile.rb:111:in `call'
actionpack (6.0.1) lib/action_dispatch/middleware/host_authorization.rb:83:in `call'
webpacker (4.0.7) lib/webpacker/dev_server_proxy.rb:29:in `perform_request'
rack-proxy (0.6.5) lib/rack/proxy.rb:57:in `call'
railties (6.0.1) lib/rails/engine.rb:526:in `call'
puma (3.12.1) lib/puma/configuration.rb:227:in `call'
puma (3.12.1) lib/puma/server.rb:660:in `handle_request'
puma (3.12.1) lib/puma/server.rb:474:in `process_client'
puma (3.12.1) lib/puma/server.rb:334:in `block in run'
puma (3.12.1) lib/puma/thread_pool.rb:135:in `block in spawn_thread'
Started PATCH "/cats/1//edit" for ::1 at 2019-11-06 15:35:23 -0800
  
ActionController::RoutingError (No route matches [PATCH] "/cats/1/edit"):
  
actionpack (6.0.1) lib/action_dispatch/middleware/debug_exceptions.rb:36:in `call'
web-console (4.0.1) lib/web_console/middleware.rb:132:in `call_app'
web-console (4.0.1) lib/web_console/middleware.rb:28:in `block in call'
web-console (4.0.1) lib/web_console/middleware.rb:17:in `catch'
web-console (4.0.1) lib/web_console/middleware.rb:17:in `call'
actionpack (6.0.1) lib/action_dispatch/middleware/show_exceptions.rb:33:in `call'
railties (6.0.1) lib/rails/rack/logger.rb:38:in `call_app'
railties (6.0.1) lib/rails/rack/logger.rb:26:in `block in call'
activesupport (6.0.1) lib/active_support/tagged_logging.rb:80:in `block in tagged'
activesupport (6.0.1) lib/active_support/tagged_logging.rb:28:in `tagged'
activesupport (6.0.1) lib/active_support/tagged_logging.rb:80:in `tagged'
railties (6.0.1) lib/rails/rack/logger.rb:26:in `call'
sprockets-rails (3.2.1) lib/sprockets/rails/quiet_assets.rb:13:in `call'
actionpack (6.0.1) lib/action_dispatch/middleware/remote_ip.rb:81:in `call'
actionpack (6.0.1) lib/action_dispatch/middleware/request_id.rb:27:in `call'
rack (2.0.7) lib/rack/method_override.rb:22:in `call'
rack (2.0.7) lib/rack/runtime.rb:22:in `call'
activesupport (6.0.1) lib/active_support/cache/strategy/local_cache_middleware.rb:29:in `call'
actionpack (6.0.1) lib/action_dispatch/middleware/executor.rb:14:in `call'
actionpack (6.0.1) lib/action_dispatch/middleware/static.rb:126:in `call'
rack (2.0.7) lib/rack/sendfile.rb:111:in `call'
actionpack (6.0.1) lib/action_dispatch/middleware/host_authorization.rb:83:in `call'
webpacker (4.0.7) lib/webpacker/dev_server_proxy.rb:29:in `perform_request'
rack-proxy (0.6.5) lib/rack/proxy.rb:57:in `call'
railties (6.0.1) lib/rails/engine.rb:526:in `call'
puma (3.12.1) lib/puma/configuration.rb:227:in `call'
puma (3.12.1) lib/puma/server.rb:660:in `handle_request'
puma (3.12.1) lib/puma/server.rb:474:in `process_client'
puma (3.12.1) lib/puma/server.rb:334:in `block in run'
puma (3.12.1) lib/puma/thread_pool.rb:135:in `block in spawn_thread'
Started PATCH "/cats/1//edit" for ::1 at 2019-11-06 15:36:19 -0800
  
ActionController::RoutingError (No route matches [PATCH] "/cats/1/edit"):
  
actionpack (6.0.1) lib/action_dispatch/middleware/debug_exceptions.rb:36:in `call'
web-console (4.0.1) lib/web_console/middleware.rb:132:in `call_app'
web-console (4.0.1) lib/web_console/middleware.rb:28:in `block in call'
web-console (4.0.1) lib/web_console/middleware.rb:17:in `catch'
web-console (4.0.1) lib/web_console/middleware.rb:17:in `call'
actionpack (6.0.1) lib/action_dispatch/middleware/show_exceptions.rb:33:in `call'
railties (6.0.1) lib/rails/rack/logger.rb:38:in `call_app'
railties (6.0.1) lib/rails/rack/logger.rb:26:in `block in call'
activesupport (6.0.1) lib/active_support/tagged_logging.rb:80:in `block in tagged'
activesupport (6.0.1) lib/active_support/tagged_logging.rb:28:in `tagged'
activesupport (6.0.1) lib/active_support/tagged_logging.rb:80:in `tagged'
railties (6.0.1) lib/rails/rack/logger.rb:26:in `call'
sprockets-rails (3.2.1) lib/sprockets/rails/quiet_assets.rb:13:in `call'
actionpack (6.0.1) lib/action_dispatch/middleware/remote_ip.rb:81:in `call'
actionpack (6.0.1) lib/action_dispatch/middleware/request_id.rb:27:in `call'
rack (2.0.7) lib/rack/method_override.rb:22:in `call'
rack (2.0.7) lib/rack/runtime.rb:22:in `call'
activesupport (6.0.1) lib/active_support/cache/strategy/local_cache_middleware.rb:29:in `call'
actionpack (6.0.1) lib/action_dispatch/middleware/executor.rb:14:in `call'
actionpack (6.0.1) lib/action_dispatch/middleware/static.rb:126:in `call'
rack (2.0.7) lib/rack/sendfile.rb:111:in `call'
actionpack (6.0.1) lib/action_dispatch/middleware/host_authorization.rb:83:in `call'
webpacker (4.0.7) lib/webpacker/dev_server_proxy.rb:29:in `perform_request'
rack-proxy (0.6.5) lib/rack/proxy.rb:57:in `call'
railties (6.0.1) lib/rails/engine.rb:526:in `call'
puma (3.12.1) lib/puma/configuration.rb:227:in `call'
puma (3.12.1) lib/puma/server.rb:660:in `handle_request'
puma (3.12.1) lib/puma/server.rb:474:in `process_client'
puma (3.12.1) lib/puma/server.rb:334:in `block in run'
puma (3.12.1) lib/puma/thread_pool.rb:135:in `block in spawn_thread'
Started PATCH "/cats/1//edit" for ::1 at 2019-11-06 15:39:58 -0800
  
ActionController::RoutingError (No route matches [PATCH] "/cats/1/edit"):
  
actionpack (6.0.1) lib/action_dispatch/middleware/debug_exceptions.rb:36:in `call'
web-console (4.0.1) lib/web_console/middleware.rb:132:in `call_app'
web-console (4.0.1) lib/web_console/middleware.rb:28:in `block in call'
web-console (4.0.1) lib/web_console/middleware.rb:17:in `catch'
web-console (4.0.1) lib/web_console/middleware.rb:17:in `call'
actionpack (6.0.1) lib/action_dispatch/middleware/show_exceptions.rb:33:in `call'
railties (6.0.1) lib/rails/rack/logger.rb:38:in `call_app'
railties (6.0.1) lib/rails/rack/logger.rb:26:in `block in call'
activesupport (6.0.1) lib/active_support/tagged_logging.rb:80:in `block in tagged'
activesupport (6.0.1) lib/active_support/tagged_logging.rb:28:in `tagged'
activesupport (6.0.1) lib/active_support/tagged_logging.rb:80:in `tagged'
railties (6.0.1) lib/rails/rack/logger.rb:26:in `call'
sprockets-rails (3.2.1) lib/sprockets/rails/quiet_assets.rb:13:in `call'
actionpack (6.0.1) lib/action_dispatch/middleware/remote_ip.rb:81:in `call'
actionpack (6.0.1) lib/action_dispatch/middleware/request_id.rb:27:in `call'
rack (2.0.7) lib/rack/method_override.rb:22:in `call'
rack (2.0.7) lib/rack/runtime.rb:22:in `call'
activesupport (6.0.1) lib/active_support/cache/strategy/local_cache_middleware.rb:29:in `call'
actionpack (6.0.1) lib/action_dispatch/middleware/executor.rb:14:in `call'
actionpack (6.0.1) lib/action_dispatch/middleware/static.rb:126:in `call'
rack (2.0.7) lib/rack/sendfile.rb:111:in `call'
actionpack (6.0.1) lib/action_dispatch/middleware/host_authorization.rb:83:in `call'
webpacker (4.0.7) lib/webpacker/dev_server_proxy.rb:29:in `perform_request'
rack-proxy (0.6.5) lib/rack/proxy.rb:57:in `call'
railties (6.0.1) lib/rails/engine.rb:526:in `call'
puma (3.12.1) lib/puma/configuration.rb:227:in `call'
puma (3.12.1) lib/puma/server.rb:660:in `handle_request'
puma (3.12.1) lib/puma/server.rb:474:in `process_client'
puma (3.12.1) lib/puma/server.rb:334:in `block in run'
puma (3.12.1) lib/puma/thread_pool.rb:135:in `block in spawn_thread'
Started PATCH "/cats/1//edit" for ::1 at 2019-11-06 15:44:34 -0800
  
ActionController::RoutingError (No route matches [PATCH] "/cats/1/edit"):
  
actionpack (6.0.1) lib/action_dispatch/middleware/debug_exceptions.rb:36:in `call'
web-console (4.0.1) lib/web_console/middleware.rb:132:in `call_app'
web-console (4.0.1) lib/web_console/middleware.rb:28:in `block in call'
web-console (4.0.1) lib/web_console/middleware.rb:17:in `catch'
web-console (4.0.1) lib/web_console/middleware.rb:17:in `call'
actionpack (6.0.1) lib/action_dispatch/middleware/show_exceptions.rb:33:in `call'
railties (6.0.1) lib/rails/rack/logger.rb:38:in `call_app'
railties (6.0.1) lib/rails/rack/logger.rb:26:in `block in call'
activesupport (6.0.1) lib/active_support/tagged_logging.rb:80:in `block in tagged'
activesupport (6.0.1) lib/active_support/tagged_logging.rb:28:in `tagged'
activesupport (6.0.1) lib/active_support/tagged_logging.rb:80:in `tagged'
railties (6.0.1) lib/rails/rack/logger.rb:26:in `call'
sprockets-rails (3.2.1) lib/sprockets/rails/quiet_assets.rb:13:in `call'
actionpack (6.0.1) lib/action_dispatch/middleware/remote_ip.rb:81:in `call'
actionpack (6.0.1) lib/action_dispatch/middleware/request_id.rb:27:in `call'
rack (2.0.7) lib/rack/method_override.rb:22:in `call'
rack (2.0.7) lib/rack/runtime.rb:22:in `call'
activesupport (6.0.1) lib/active_support/cache/strategy/local_cache_middleware.rb:29:in `call'
actionpack (6.0.1) lib/action_dispatch/middleware/executor.rb:14:in `call'
actionpack (6.0.1) lib/action_dispatch/middleware/static.rb:126:in `call'
rack (2.0.7) lib/rack/sendfile.rb:111:in `call'
actionpack (6.0.1) lib/action_dispatch/middleware/host_authorization.rb:83:in `call'
webpacker (4.0.7) lib/webpacker/dev_server_proxy.rb:29:in `perform_request'
rack-proxy (0.6.5) lib/rack/proxy.rb:57:in `call'
railties (6.0.1) lib/rails/engine.rb:526:in `call'
puma (3.12.1) lib/puma/configuration.rb:227:in `call'
puma (3.12.1) lib/puma/server.rb:660:in `handle_request'
puma (3.12.1) lib/puma/server.rb:474:in `process_client'
puma (3.12.1) lib/puma/server.rb:334:in `block in run'
puma (3.12.1) lib/puma/thread_pool.rb:135:in `block in spawn_thread'
Started GET "/cats/1//edit" for ::1 at 2019-11-06 15:44:48 -0800
Processing by CatsController#edit as HTML
  Parameters: {"id"=>"1"}
  [1m[36mCat Load (13.1ms)[0m  [1m[34mSELECT "cats".* FROM "cats" WHERE "cats"."id" = $1 LIMIT $2[0m  [["id", 1], ["LIMIT", 1]]
  ↳ app/controllers/cats_controller.rb:27:in `edit'
  Rendering cats/edit.html.erb within layouts/application
  Rendered cats/_form.html.erb (Duration: 1.1ms | Allocations: 389)
  Rendered cats/edit.html.erb within layouts/application (Duration: 4.8ms | Allocations: 758)
Completed 200 OK in 81ms (Views: 36.2ms | ActiveRecord: 13.5ms | Allocations: 12959)


Started PATCH "/cats/1" for ::1 at 2019-11-06 15:44:53 -0800
Processing by CatsController#update as HTML
  Parameters: {"sex"=>"M", "id"=>"1"}
  [1m[36mCat Load (0.9ms)[0m  [1m[34mSELECT "cats".* FROM "cats" WHERE "cats"."id" = $1 LIMIT $2[0m  [["id", 1], ["LIMIT", 1]]
  ↳ app/controllers/cats_controller.rb:32:in `update'
Completed 400 Bad Request in 4ms (ActiveRecord: 0.9ms | Allocations: 1147)


  
ActionController::ParameterMissing (param is missing or the value is empty: cat):
  
app/controllers/cats_controller.rb:43:in `cat_params'
app/controllers/cats_controller.rb:33:in `update'
Started PATCH "/cats/1" for ::1 at 2019-11-06 15:48:55 -0800
Processing by CatsController#update as HTML
  Parameters: {"sex"=>"M", "id"=>"1"}
  [1m[36mCat Load (0.4ms)[0m  [1m[34mSELECT "cats".* FROM "cats" WHERE "cats"."id" = $1 LIMIT $2[0m  [["id", 1], ["LIMIT", 1]]
  ↳ app/controllers/cats_controller.rb:32:in `update'
Completed 400 Bad Request in 27004ms (ActiveRecord: 23.3ms | Allocations: 61666)


  
ActionController::ParameterMissing (param is missing or the value is empty: cat):
  
app/controllers/cats_controller.rb:44:in `cat_params'
app/controllers/cats_controller.rb:33:in `update'
Started GET "/cats/1//edit" for ::1 at 2019-11-06 15:49:32 -0800
Processing by CatsController#edit as HTML
  Parameters: {"id"=>"1"}
  [1m[36mCat Load (6.0ms)[0m  [1m[34mSELECT "cats".* FROM "cats" WHERE "cats"."id" = $1 LIMIT $2[0m  [["id", 1], ["LIMIT", 1]]
  ↳ app/controllers/cats_controller.rb:27:in `edit'
  Rendering cats/edit.html.erb within layouts/application
  Rendered cats/_form.html.erb (Duration: 1.7ms | Allocations: 391)
  Rendered cats/edit.html.erb within layouts/application (Duration: 3.9ms | Allocations: 757)
Completed 200 OK in 311ms (Views: 298.8ms | ActiveRecord: 6.0ms | Allocations: 6666)


Started GET "/cats/1//edit" for ::1 at 2019-11-06 15:49:33 -0800
Processing by CatsController#edit as HTML
  Parameters: {"id"=>"1"}
  [1m[36mCat Load (0.4ms)[0m  [1m[34mSELECT "cats".* FROM "cats" WHERE "cats"."id" = $1 LIMIT $2[0m  [["id", 1], ["LIMIT", 1]]
  ↳ app/controllers/cats_controller.rb:27:in `edit'
  Rendering cats/edit.html.erb within layouts/application
  Rendered cats/_form.html.erb (Duration: 0.3ms | Allocations: 55)
  Rendered cats/edit.html.erb within layouts/application (Duration: 0.9ms | Allocations: 189)
Completed 200 OK in 19ms (Views: 15.2ms | ActiveRecord: 0.4ms | Allocations: 5156)


Started PATCH "/cats/1" for ::1 at 2019-11-06 15:49:38 -0800
Processing by CatsController#update as HTML
  Parameters: {"cat"=>{"sex"=>"M"}, "id"=>"1"}
  [1m[36mCat Load (0.5ms)[0m  [1m[34mSELECT "cats".* FROM "cats" WHERE "cats"."id" = $1 LIMIT $2[0m  [["id", 1], ["LIMIT", 1]]
  ↳ app/controllers/cats_controller.rb:32:in `update'
DEPRECATION WARNING: update_attributes is deprecated and will be removed from Rails 6.1 (please, use update instead) (called from update at /Users/derekshue/Desktop/AA-classwork/Week_9/W9D3/derek_shue_99_cats/app/controllers/cats_controller.rb:33)
Redirected to http://localhost:3000/cats/1
Completed 302 Found in 903508ms (ActiveRecord: 0.5ms | Allocations: 4334)


Started PATCH "/cats/1" for ::1 at 2019-11-06 16:04:42 -0800
Started GET "/cats/1//edit" for ::1 at 2019-11-06 16:04:42 -0800
Started GET "/cats/1//edit" for ::1 at 2019-11-06 16:04:42 -0800
Processing by CatsController#update as HTML
  Parameters: {"cat"=>{"sex"=>"M"}, "id"=>"1"}
  [1m[36mCat Load (38.5ms)[0m  [1m[34mSELECT "cats".* FROM "cats" WHERE "cats"."id" = $1 LIMIT $2[0m  [["id", 1], ["LIMIT", 1]]
  ↳ app/controllers/cats_controller.rb:32:in `update'
DEPRECATION WARNING: update_attributes is deprecated and will be removed from Rails 6.1 (please, use update instead) (called from update at /Users/derekshue/Desktop/AA-classwork/Week_9/W9D3/derek_shue_99_cats/app/controllers/cats_controller.rb:33)
Processing by CatsController#edit as HTML
Redirected to http://localhost:3000/cats/1
Completed 302 Found in 1910ms (ActiveRecord: 38.5ms | Allocations: 370235)


  Parameters: {"id"=>"1"}
Processing by CatsController#edit as HTML
  Parameters: {"id"=>"1"}
  [1m[36mCat Load (13.5ms)[0m  [1m[34mSELECT "cats".* FROM "cats" WHERE "cats"."id" = $1 LIMIT $2[0m  [["id", 1], ["LIMIT", 1]]
  ↳ app/controllers/cats_controller.rb:27:in `edit'
  Rendering cats/edit.html.erb within layouts/application
  Rendered cats/_form.html.erb (Duration: 0.2ms | Allocations: 55)
  Rendered cats/edit.html.erb within layouts/application (Duration: 0.9ms | Allocations: 185)
  [1m[36mCat Load (7.3ms)[0m  [1m[34mSELECT "cats".* FROM "cats" WHERE "cats"."id" = $1 LIMIT $2[0m  [["id", 1], ["LIMIT", 1]]
  ↳ app/controllers/cats_controller.rb:27:in `edit'
  Rendering cats/edit.html.erb within layouts/application
  Rendered cats/_form.html.erb (Duration: 0.2ms | Allocations: 55)
  Rendered cats/edit.html.erb within layouts/application (Duration: 0.7ms | Allocations: 185)
Started GET "/cats/1" for ::1 at 2019-11-06 16:04:44 -0800
Processing by CatsController#show as HTML
  Parameters: {"id"=>"1"}
  [1m[36mCat Load (1.8ms)[0m  [1m[34mSELECT "cats".* FROM "cats" WHERE "cats"."id" = $1 LIMIT $2[0m  [["id", 1], ["LIMIT", 1]]
  ↳ app/controllers/cats_controller.rb:8:in `show'
  Rendering cats/show.html.erb within layouts/application
  Rendered cats/show.html.erb within layouts/application (Duration: 3.7ms | Allocations: 221)
Completed 200 OK in 101ms (Views: 65.2ms | ActiveRecord: 13.5ms | Allocations: 23269)


Completed 200 OK in 43ms (Views: 37.6ms | ActiveRecord: 1.8ms | Allocations: 7303)


Completed 200 OK in 119ms (Views: 90.9ms | ActiveRecord: 19.6ms | Allocations: 32309)


Started PATCH "/cats/1" for ::1 at 2019-11-06 16:04:56 -0800
Processing by CatsController#update as HTML
  Parameters: {"cat"=>{"sex"=>"M"}, "id"=>"1"}
  [1m[36mCat Load (0.5ms)[0m  [1m[34mSELECT "cats".* FROM "cats" WHERE "cats"."id" = $1 LIMIT $2[0m  [["id", 1], ["LIMIT", 1]]
  ↳ app/controllers/cats_controller.rb:32:in `update'
DEPRECATION WARNING: update_attributes is deprecated and will be removed from Rails 6.1 (please, use update instead) (called from update at /Users/derekshue/Desktop/AA-classwork/Week_9/W9D3/derek_shue_99_cats/app/controllers/cats_controller.rb:33)
Redirected to http://localhost:3000/cats/1
Completed 302 Found in 4028ms (ActiveRecord: 0.5ms | Allocations: 3259)


Started GET "/cats/1" for ::1 at 2019-11-06 16:05:00 -0800
Processing by CatsController#show as HTML
  Parameters: {"id"=>"1"}
  [1m[36mCat Load (0.5ms)[0m  [1m[34mSELECT "cats".* FROM "cats" WHERE "cats"."id" = $1 LIMIT $2[0m  [["id", 1], ["LIMIT", 1]]
  ↳ app/controllers/cats_controller.rb:8:in `show'
  Rendering cats/show.html.erb within layouts/application
  Rendered cats/show.html.erb within layouts/application (Duration: 0.2ms | Allocations: 26)
Completed 200 OK in 49ms (Views: 46.4ms | ActiveRecord: 0.5ms | Allocations: 4992)


Started GET "/cats/1/edit" for ::1 at 2019-11-06 16:05:20 -0800
Processing by CatsController#edit as HTML
  Parameters: {"id"=>"1"}
  [1m[36mCat Load (0.3ms)[0m  [1m[34mSELECT "cats".* FROM "cats" WHERE "cats"."id" = $1 LIMIT $2[0m  [["id", 1], ["LIMIT", 1]]
  ↳ app/controllers/cats_controller.rb:27:in `edit'
  Rendering cats/edit.html.erb within layouts/application
  Rendered cats/_form.html.erb (Duration: 1.4ms | Allocations: 393)
  Rendered cats/edit.html.erb within layouts/application (Duration: 3.4ms | Allocations: 762)
Completed 200 OK in 69ms (Views: 19.0ms | ActiveRecord: 15.3ms | Allocations: 12489)


Started PATCH "/cats/1" for ::1 at 2019-11-06 16:05:25 -0800
Processing by CatsController#update as HTML
  Parameters: {"cat"=>{"name"=>"cat1", "sex"=>"M", "color"=>"color", "birth_date"=>"2013-01-01", "description"=>"this is cat 1"}, "id"=>"1"}
  [1m[36mCat Load (0.5ms)[0m  [1m[34mSELECT "cats".* FROM "cats" WHERE "cats"."id" = $1 LIMIT $2[0m  [["id", 1], ["LIMIT", 1]]
  ↳ app/controllers/cats_controller.rb:32:in `update'
DEPRECATION WARNING: update_attributes is deprecated and will be removed from Rails 6.1 (please, use update instead) (called from update at /Users/derekshue/Desktop/AA-classwork/Week_9/W9D3/derek_shue_99_cats/app/controllers/cats_controller.rb:33)
  Rendering cats/edit.html.erb within layouts/application
  Rendered cats/_form.html.erb (Duration: 0.1ms | Allocations: 41)
  Rendered cats/edit.html.erb within layouts/application (Duration: 0.7ms | Allocations: 195)
Completed 200 OK in 43ms (Views: 12.3ms | ActiveRecord: 0.5ms | Allocations: 9738)


Started GET "/cats/1" for ::1 at 2019-11-06 16:05:30 -0800
Processing by CatsController#show as HTML
  Parameters: {"id"=>"1"}
  [1m[36mCat Load (1.2ms)[0m  [1m[34mSELECT "cats".* FROM "cats" WHERE "cats"."id" = $1 LIMIT $2[0m  [["id", 1], ["LIMIT", 1]]
  ↳ app/controllers/cats_controller.rb:8:in `show'
  Rendering cats/show.html.erb within layouts/application
  Rendered cats/show.html.erb within layouts/application (Duration: 0.2ms | Allocations: 26)
Completed 200 OK in 17ms (Views: 13.4ms | ActiveRecord: 1.2ms | Allocations: 4992)


Started GET "/cats/1" for ::1 at 2019-11-06 16:05:32 -0800
Processing by CatsController#show as HTML
  Parameters: {"id"=>"1"}
  [1m[36mCat Load (2.6ms)[0m  [1m[34mSELECT "cats".* FROM "cats" WHERE "cats"."id" = $1 LIMIT $2[0m  [["id", 1], ["LIMIT", 1]]
  ↳ app/controllers/cats_controller.rb:8:in `show'
  Rendering cats/show.html.erb within layouts/application
  Rendered cats/show.html.erb within layouts/application (Duration: 0.2ms | Allocations: 26)
Completed 200 OK in 20ms (Views: 12.2ms | ActiveRecord: 2.6ms | Allocations: 4984)


Started GET "/" for 127.0.0.1 at 2019-11-06 16:05:52 -0800
Processing by Rails::WelcomeController#index as HTML
  Rendering /Users/derekshue/.rbenv/versions/2.5.1/lib/ruby/gems/2.5.0/gems/railties-6.0.1/lib/rails/templates/rails/welcome/index.html.erb
  Rendered /Users/derekshue/.rbenv/versions/2.5.1/lib/ruby/gems/2.5.0/gems/railties-6.0.1/lib/rails/templates/rails/welcome/index.html.erb (Duration: 25.1ms | Allocations: 195)
Completed 200 OK in 29ms (Views: 26.4ms | ActiveRecord: 0.0ms | Allocations: 818)


Started GET "/cats/1/edit" for ::1 at 2019-11-06 16:08:17 -0800
Processing by CatsController#edit as HTML
  Parameters: {"id"=>"1"}
  [1m[36mCat Load (0.8ms)[0m  [1m[34mSELECT "cats".* FROM "cats" WHERE "cats"."id" = $1 LIMIT $2[0m  [["id", 1], ["LIMIT", 1]]
  ↳ app/controllers/cats_controller.rb:27:in `edit'
  Rendering cats/edit.html.erb within layouts/application
  Rendered cats/_form.html.erb (Duration: 1.2ms | Allocations: 386)
  Rendered cats/edit.html.erb within layouts/application (Duration: 3.3ms | Allocations: 749)
Completed 200 OK in 71ms (Views: 67.5ms | ActiveRecord: 0.8ms | Allocations: 6646)


Started PATCH "/cats/1" for ::1 at 2019-11-06 16:08:22 -0800
Processing by CatsController#update as HTML
  Parameters: {"cat"=>{"name"=>"cat1", "sex"=>"M", "color"=>"color", "birth_date"=>"2013-01-01", "description"=>"this is cat 1"}, "id"=>"1"}
  [1m[36mCat Load (0.4ms)[0m  [1m[34mSELECT "cats".* FROM "cats" WHERE "cats"."id" = $1 LIMIT $2[0m  [["id", 1], ["LIMIT", 1]]
  ↳ app/controllers/cats_controller.rb:32:in `update'
DEPRECATION WARNING: update_attributes is deprecated and will be removed from Rails 6.1 (please, use update instead) (called from update at /Users/derekshue/Desktop/AA-classwork/Week_9/W9D3/derek_shue_99_cats/app/controllers/cats_controller.rb:33)
  Rendering cats/edit.html.erb within layouts/application
  Rendered cats/_form.html.erb (Duration: 0.2ms | Allocations: 41)
  Rendered cats/edit.html.erb within layouts/application (Duration: 1.0ms | Allocations: 191)
Completed 200 OK in 20ms (Views: 13.2ms | ActiveRecord: 0.4ms | Allocations: 6437)


Started GET "/cats/1/edit" for ::1 at 2019-11-06 16:11:10 -0800
Processing by CatsController#edit as HTML
  Parameters: {"id"=>"1"}
  [1m[36mCat Load (1.6ms)[0m  [1m[34mSELECT "cats".* FROM "cats" WHERE "cats"."id" = $1 LIMIT $2[0m  [["id", 1], ["LIMIT", 1]]
  ↳ app/controllers/cats_controller.rb:27:in `edit'
  Rendering cats/edit.html.erb within layouts/application
  Rendered cats/_form.html.erb (Duration: 1.3ms | Allocations: 386)
  Rendered cats/edit.html.erb within layouts/application (Duration: 3.7ms | Allocations: 760)
Completed 200 OK in 46ms (Views: 40.8ms | ActiveRecord: 1.6ms | Allocations: 6665)


Started PATCH "/cats/1" for ::1 at 2019-11-06 16:11:14 -0800
Processing by CatsController#update as HTML
  Parameters: {"cat"=>{"name"=>"cat1", "sex"=>"M", "color"=>"color", "birth_date"=>"2013-01-01", "description"=>"this is cat 1"}, "id"=>"1"}
  [1m[36mCat Load (0.7ms)[0m  [1m[34mSELECT "cats".* FROM "cats" WHERE "cats"."id" = $1 LIMIT $2[0m  [["id", 1], ["LIMIT", 1]]
  ↳ app/controllers/cats_controller.rb:32:in `update'
DEPRECATION WARNING: update_attributes is deprecated and will be removed from Rails 6.1 (please, use update instead) (called from update at /Users/derekshue/Desktop/AA-classwork/Week_9/W9D3/derek_shue_99_cats/app/controllers/cats_controller.rb:33)
  Rendering cats/edit.html.erb within layouts/application
  Rendered cats/_form.html.erb (Duration: 0.3ms | Allocations: 41)
  Rendered cats/edit.html.erb within layouts/application (Duration: 1.0ms | Allocations: 193)
Completed 200 OK in 21ms (Views: 14.8ms | ActiveRecord: 0.7ms | Allocations: 6437)


Started PATCH "/cats/1" for ::1 at 2019-11-06 16:11:16 -0800
Processing by CatsController#update as HTML
  Parameters: {"cat"=>{"name"=>"cat1", "sex"=>"M", "color"=>"color", "birth_date"=>"2013-01-01", "description"=>"this is cat 1"}, "id"=>"1"}
  [1m[36mCat Load (0.5ms)[0m  [1m[34mSELECT "cats".* FROM "cats" WHERE "cats"."id" = $1 LIMIT $2[0m  [["id", 1], ["LIMIT", 1]]
  ↳ app/controllers/cats_controller.rb:32:in `update'
DEPRECATION WARNING: update_attributes is deprecated and will be removed from Rails 6.1 (please, use update instead) (called from update at /Users/derekshue/Desktop/AA-classwork/Week_9/W9D3/derek_shue_99_cats/app/controllers/cats_controller.rb:33)
  Rendering cats/edit.html.erb within layouts/application
  Rendered cats/_form.html.erb (Duration: 0.2ms | Allocations: 41)
  Rendered cats/edit.html.erb within layouts/application (Duration: 1.2ms | Allocations: 189)
Completed 200 OK in 27ms (Views: 20.2ms | ActiveRecord: 0.5ms | Allocations: 6431)


Started PATCH "/cats/1" for ::1 at 2019-11-06 16:11:18 -0800
Processing by CatsController#update as HTML
  Parameters: {"cat"=>{"name"=>"cat1", "sex"=>"M", "color"=>"color", "birth_date"=>"2013-01-01", "description"=>"this is cat 1"}, "id"=>"1"}
  [1m[36mCat Load (1.3ms)[0m  [1m[34mSELECT "cats".* FROM "cats" WHERE "cats"."id" = $1 LIMIT $2[0m  [["id", 1], ["LIMIT", 1]]
  ↳ app/controllers/cats_controller.rb:32:in `update'
DEPRECATION WARNING: update_attributes is deprecated and will be removed from Rails 6.1 (please, use update instead) (called from update at /Users/derekshue/Desktop/AA-classwork/Week_9/W9D3/derek_shue_99_cats/app/controllers/cats_controller.rb:33)
  Rendering cats/edit.html.erb within layouts/application
  Rendered cats/_form.html.erb (Duration: 0.2ms | Allocations: 41)
  Rendered cats/edit.html.erb within layouts/application (Duration: 1.3ms | Allocations: 189)
Completed 200 OK in 26ms (Views: 17.6ms | ActiveRecord: 1.3ms | Allocations: 6434)


Started GET "/cats/1/edit" for ::1 at 2019-11-06 16:11:31 -0800
Processing by CatsController#edit as HTML
  Parameters: {"id"=>"1"}
  [1m[36mCat Load (0.7ms)[0m  [1m[34mSELECT "cats".* FROM "cats" WHERE "cats"."id" = $1 LIMIT $2[0m  [["id", 1], ["LIMIT", 1]]
  ↳ app/controllers/cats_controller.rb:27:in `edit'
  Rendering cats/edit.html.erb within layouts/application
  Rendered cats/_form.html.erb (Duration: 1.1ms | Allocations: 401)
  Rendered cats/edit.html.erb within layouts/application (Duration: 4.1ms | Allocations: 770)
Completed 200 OK in 29ms (Views: 25.1ms | ActiveRecord: 0.7ms | Allocations: 6668)


Started PATCH "/cats/1" for ::1 at 2019-11-06 16:11:36 -0800
Processing by CatsController#update as HTML
  Parameters: {"cat"=>{"name"=>"cat1", "sex"=>"M", "color"=>"color", "birth_date"=>"2013-01-01", "description"=>"this is cat 1"}, "id"=>"1"}
  [1m[36mCat Load (1.3ms)[0m  [1m[34mSELECT "cats".* FROM "cats" WHERE "cats"."id" = $1 LIMIT $2[0m  [["id", 1], ["LIMIT", 1]]
  ↳ app/controllers/cats_controller.rb:32:in `update'
DEPRECATION WARNING: update_attributes is deprecated and will be removed from Rails 6.1 (please, use update instead) (called from update at /Users/derekshue/Desktop/AA-classwork/Week_9/W9D3/derek_shue_99_cats/app/controllers/cats_controller.rb:33)
  Rendering cats/edit.html.erb within layouts/application
  Rendered cats/_form.html.erb (Duration: 0.3ms | Allocations: 42)
  Rendered cats/edit.html.erb within layouts/application (Duration: 1.3ms | Allocations: 194)
Completed 200 OK in 22ms (Views: 15.2ms | ActiveRecord: 1.3ms | Allocations: 6440)


Started GET "/cats/1/edit" for ::1 at 2019-11-06 16:12:38 -0800
Processing by CatsController#edit as HTML
  Parameters: {"id"=>"1"}
  [1m[36mCat Load (1.3ms)[0m  [1m[34mSELECT "cats".* FROM "cats" WHERE "cats"."id" = $1 LIMIT $2[0m  [["id", 1], ["LIMIT", 1]]
  ↳ app/controllers/cats_controller.rb:27:in `edit'
  Rendering cats/edit.html.erb within layouts/application
  Rendered cats/_form.html.erb (Duration: 0.3ms | Allocations: 56)
  Rendered cats/edit.html.erb within layouts/application (Duration: 3.2ms | Allocations: 188)
Completed 200 OK in 119ms (Views: 112.5ms | ActiveRecord: 1.3ms | Allocations: 5149)


Started PATCH "/cats/1" for ::1 at 2019-11-06 16:12:44 -0800
Processing by CatsController#update as HTML
  Parameters: {"cat"=>{"name"=>"cat1", "sex"=>"M", "color"=>"color", "birth_date"=>"2013-01-01", "description"=>"this is cat 1"}, "id"=>"1"}
  [1m[36mCat Load (0.3ms)[0m  [1m[34mSELECT "cats".* FROM "cats" WHERE "cats"."id" = $1 LIMIT $2[0m  [["id", 1], ["LIMIT", 1]]
  ↳ app/controllers/cats_controller.rb:32:in `update'
DEPRECATION WARNING: update_attributes is deprecated and will be removed from Rails 6.1 (please, use update instead) (called from update at /Users/derekshue/Desktop/AA-classwork/Week_9/W9D3/derek_shue_99_cats/app/controllers/cats_controller.rb:33)
  Rendering cats/edit.html.erb within layouts/application
  Rendered cats/_form.html.erb (Duration: 0.3ms | Allocations: 42)
  Rendered cats/edit.html.erb within layouts/application (Duration: 5.5ms | Allocations: 190)
Completed 200 OK in 42ms (Views: 33.4ms | ActiveRecord: 0.3ms | Allocations: 6432)


Started PATCH "/cats/1" for ::1 at 2019-11-06 16:13:01 -0800
Processing by CatsController#update as HTML
  Parameters: {"cat"=>{"name"=>"cat1", "sex"=>"M", "color"=>"color", "birth_date"=>"2013-01-01", "description"=>"this is cat 1"}, "id"=>"1"}
  [1m[36mCat Load (0.5ms)[0m  [1m[34mSELECT "cats".* FROM "cats" WHERE "cats"."id" = $1 LIMIT $2[0m  [["id", 1], ["LIMIT", 1]]
  ↳ app/controllers/cats_controller.rb:32:in `update'
DEPRECATION WARNING: update_attributes is deprecated and will be removed from Rails 6.1 (please, use update instead) (called from update at /Users/derekshue/Desktop/AA-classwork/Week_9/W9D3/derek_shue_99_cats/app/controllers/cats_controller.rb:33)
  Rendering cats/edit.html.erb within layouts/application
  Rendered cats/_form.html.erb (Duration: 0.1ms | Allocations: 42)
  Rendered cats/edit.html.erb within layouts/application (Duration: 1.8ms | Allocations: 190)
Completed 200 OK in 43ms (Views: 31.4ms | ActiveRecord: 0.5ms | Allocations: 6427)


Started GET "/cats/1/edit" for ::1 at 2019-11-06 16:19:49 -0800
Processing by CatsController#edit as HTML
  Parameters: {"id"=>"1"}
  [1m[36mCat Load (3.8ms)[0m  [1m[34mSELECT "cats".* FROM "cats" WHERE "cats"."id" = $1 LIMIT $2[0m  [["id", 1], ["LIMIT", 1]]
  ↳ app/controllers/cats_controller.rb:27:in `edit'
  Rendering cats/edit.html.erb within layouts/application
  Rendered cats/_form.html.erb (Duration: 1.4ms | Allocations: 404)
  Rendered cats/edit.html.erb within layouts/application (Duration: 13.8ms | Allocations: 859)
Completed 200 OK in 88ms (Views: 47.0ms | ActiveRecord: 4.4ms | Allocations: 13054)


Started PATCH "/cats/1" for ::1 at 2019-11-06 16:19:55 -0800
Processing by CatsController#update as HTML
  Parameters: {"cat"=>{"name"=>"cat1", "sex"=>"M", "color"=>"color", "birth_date"=>"2013-01-01", "description"=>"this is cat 1"}, "id"=>"1"}
  [1m[36mCat Load (1.6ms)[0m  [1m[34mSELECT "cats".* FROM "cats" WHERE "cats"."id" = $1 LIMIT $2[0m  [["id", 1], ["LIMIT", 1]]
  ↳ app/controllers/cats_controller.rb:32:in `update'
DEPRECATION WARNING: update_attributes is deprecated and will be removed from Rails 6.1 (please, use update instead) (called from update at /Users/derekshue/Desktop/AA-classwork/Week_9/W9D3/derek_shue_99_cats/app/controllers/cats_controller.rb:33)
  Rendering cats/edit.html.erb within layouts/application
  Rendered cats/edit.html.erb within layouts/application (Duration: 7.8ms | Allocations: 1846)
Completed 500 Internal Server Error in 19ms (ActiveRecord: 1.6ms | Allocations: 4321)


  
ActionView::Template::Error (undefined method `title' for "Color is not included in the list":String
Did you mean?  titleize):
    1: <ul>
    2:     <% @cat.errors.full_messages.each do |msg| %>
    3:         <li><%= msg.title %></li>
    4:     <% end %>
    5: </ul>
    6: <%= render 'form', link: cat_url(@cat), to_do: "patch", cat: @cat, submit_value: 'Update'%>
  
app/views/cats/edit.html.erb:3
app/views/cats/edit.html.erb:2:in `each'
app/views/cats/edit.html.erb:2
app/controllers/cats_controller.rb:36:in `update'
Started PATCH "/cats/1" for ::1 at 2019-11-06 16:20:12 -0800
Processing by CatsController#update as HTML
  Parameters: {"cat"=>{"name"=>"cat1", "sex"=>"M", "color"=>"color", "birth_date"=>"2013-01-01", "description"=>"this is cat 1"}, "id"=>"1"}
  [1m[36mCat Load (3.3ms)[0m  [1m[34mSELECT "cats".* FROM "cats" WHERE "cats"."id" = $1 LIMIT $2[0m  [["id", 1], ["LIMIT", 1]]
  ↳ app/controllers/cats_controller.rb:32:in `update'
DEPRECATION WARNING: update_attributes is deprecated and will be removed from Rails 6.1 (please, use update instead) (called from update at /Users/derekshue/Desktop/AA-classwork/Week_9/W9D3/derek_shue_99_cats/app/controllers/cats_controller.rb:33)
  Rendering cats/edit.html.erb within layouts/application
  Rendered cats/_form.html.erb (Duration: 1.8ms | Allocations: 385)
  Rendered cats/edit.html.erb within layouts/application (Duration: 4.9ms | Allocations: 977)
Completed 200 OK in 39ms (Views: 29.7ms | ActiveRecord: 3.3ms | Allocations: 8161)


Started GET "/cats/1/edit" for ::1 at 2019-11-06 16:20:50 -0800
Processing by CatsController#edit as HTML
  Parameters: {"id"=>"1"}
  [1m[36mCat Load (0.5ms)[0m  [1m[34mSELECT "cats".* FROM "cats" WHERE "cats"."id" = $1 LIMIT $2[0m  [["id", 1], ["LIMIT", 1]]
  ↳ app/controllers/cats_controller.rb:27:in `edit'
  Rendering cats/edit.html.erb within layouts/application
  Rendered cats/_form.html.erb (Duration: 1.3ms | Allocations: 381)
  Rendered cats/edit.html.erb within layouts/application (Duration: 5.1ms | Allocations: 826)
Completed 200 OK in 70ms (Views: 65.9ms | ActiveRecord: 0.5ms | Allocations: 6725)


Started PATCH "/cats/1" for ::1 at 2019-11-06 16:20:54 -0800
Processing by CatsController#update as HTML
  Parameters: {"cat"=>{"name"=>"cat1", "sex"=>"M", "color"=>"color", "birth_date"=>"2013-01-01", "description"=>"this is cat 1"}, "id"=>"1"}
  [1m[36mCat Load (6.5ms)[0m  [1m[34mSELECT "cats".* FROM "cats" WHERE "cats"."id" = $1 LIMIT $2[0m  [["id", 1], ["LIMIT", 1]]
  ↳ app/controllers/cats_controller.rb:32:in `update'
DEPRECATION WARNING: update_attributes is deprecated and will be removed from Rails 6.1 (please, use update instead) (called from update at /Users/derekshue/Desktop/AA-classwork/Week_9/W9D3/derek_shue_99_cats/app/controllers/cats_controller.rb:33)
  Rendering cats/edit.html.erb within layouts/application
  Rendered cats/_form.html.erb (Duration: 0.1ms | Allocations: 22)
  Rendered cats/edit.html.erb within layouts/application (Duration: 1.4ms | Allocations: 313)
Completed 200 OK in 39ms (Views: 18.8ms | ActiveRecord: 6.5ms | Allocations: 6556)


Started GET "/cats/1/edit" for ::1 at 2019-11-06 16:22:52 -0800
Processing by CatsController#edit as HTML
  Parameters: {"id"=>"1"}
  [1m[36mCat Load (2.6ms)[0m  [1m[34mSELECT "cats".* FROM "cats" WHERE "cats"."id" = $1 LIMIT $2[0m  [["id", 1], ["LIMIT", 1]]
  ↳ app/controllers/cats_controller.rb:27:in `edit'
  Rendering cats/edit.html.erb within layouts/application
  Rendered cats/_form.html.erb (Duration: 1.3ms | Allocations: 400)
  Rendered cats/edit.html.erb within layouts/application (Duration: 4.8ms | Allocations: 849)
Completed 200 OK in 75ms (Views: 68.8ms | ActiveRecord: 2.6ms | Allocations: 6751)


Started PATCH "/cats/1" for ::1 at 2019-11-06 16:22:55 -0800
Processing by CatsController#update as HTML
  Parameters: {"cat"=>{"name"=>"cat1", "sex"=>"M", "color"=>"brown", "birth_date"=>"2013-01-01", "description"=>"this is cat 1"}, "id"=>"1"}
  [1m[36mCat Load (0.6ms)[0m  [1m[34mSELECT "cats".* FROM "cats" WHERE "cats"."id" = $1 LIMIT $2[0m  [["id", 1], ["LIMIT", 1]]
  ↳ app/controllers/cats_controller.rb:32:in `update'
DEPRECATION WARNING: update_attributes is deprecated and will be removed from Rails 6.1 (please, use update instead) (called from update at /Users/derekshue/Desktop/AA-classwork/Week_9/W9D3/derek_shue_99_cats/app/controllers/cats_controller.rb:33)
  [1m[35m (0.3ms)[0m  [1m[35mBEGIN[0m
  ↳ app/controllers/cats_controller.rb:33:in `update'
  [1m[36mCat Update (6.9ms)[0m  [1m[33mUPDATE "cats" SET "description" = $1, "updated_at" = $2 WHERE "cats"."id" = $3[0m  [["description", "this is cat 1"], ["updated_at", "2019-11-07 00:22:55.576970"], ["id", 1]]
  ↳ app/controllers/cats_controller.rb:33:in `update'
  [1m[35m (9.9ms)[0m  [1m[35mCOMMIT[0m
  ↳ app/controllers/cats_controller.rb:33:in `update'
Redirected to http://localhost:3000/cats/1
Completed 302 Found in 51ms (ActiveRecord: 17.6ms | Allocations: 3423)


Started GET "/cats/1" for ::1 at 2019-11-06 16:22:55 -0800
Processing by CatsController#show as HTML
  Parameters: {"id"=>"1"}
  [1m[36mCat Load (0.5ms)[0m  [1m[34mSELECT "cats".* FROM "cats" WHERE "cats"."id" = $1 LIMIT $2[0m  [["id", 1], ["LIMIT", 1]]
  ↳ app/controllers/cats_controller.rb:8:in `show'
  Rendering cats/show.html.erb within layouts/application
  Rendered cats/show.html.erb within layouts/application (Duration: 1.5ms | Allocations: 218)
Completed 200 OK in 19ms (Views: 16.8ms | ActiveRecord: 0.5ms | Allocations: 5320)


Started GET "/cats/new" for ::1 at 2019-11-06 16:23:22 -0800
Processing by CatsController#new as HTML
  Rendering cats/new.html.erb within layouts/application
  Rendered cats/_form.html.erb (Duration: 0.2ms | Allocations: 20)
  Rendered cats/new.html.erb within layouts/application (Duration: 1.9ms | Allocations: 247)
Completed 200 OK in 25ms (Views: 20.7ms | ActiveRecord: 0.0ms | Allocations: 4813)


Started POST "/cats/new" for ::1 at 2019-11-06 16:23:41 -0800
  
ActionController::RoutingError (No route matches [POST] "/cats/new"):
  
actionpack (6.0.1) lib/action_dispatch/middleware/debug_exceptions.rb:36:in `call'
web-console (4.0.1) lib/web_console/middleware.rb:132:in `call_app'
web-console (4.0.1) lib/web_console/middleware.rb:28:in `block in call'
web-console (4.0.1) lib/web_console/middleware.rb:17:in `catch'
web-console (4.0.1) lib/web_console/middleware.rb:17:in `call'
actionpack (6.0.1) lib/action_dispatch/middleware/show_exceptions.rb:33:in `call'
railties (6.0.1) lib/rails/rack/logger.rb:38:in `call_app'
railties (6.0.1) lib/rails/rack/logger.rb:26:in `block in call'
activesupport (6.0.1) lib/active_support/tagged_logging.rb:80:in `block in tagged'
activesupport (6.0.1) lib/active_support/tagged_logging.rb:28:in `tagged'
activesupport (6.0.1) lib/active_support/tagged_logging.rb:80:in `tagged'
railties (6.0.1) lib/rails/rack/logger.rb:26:in `call'
sprockets-rails (3.2.1) lib/sprockets/rails/quiet_assets.rb:13:in `call'
actionpack (6.0.1) lib/action_dispatch/middleware/remote_ip.rb:81:in `call'
actionpack (6.0.1) lib/action_dispatch/middleware/request_id.rb:27:in `call'
rack (2.0.7) lib/rack/method_override.rb:22:in `call'
rack (2.0.7) lib/rack/runtime.rb:22:in `call'
activesupport (6.0.1) lib/active_support/cache/strategy/local_cache_middleware.rb:29:in `call'
actionpack (6.0.1) lib/action_dispatch/middleware/executor.rb:14:in `call'
actionpack (6.0.1) lib/action_dispatch/middleware/static.rb:126:in `call'
rack (2.0.7) lib/rack/sendfile.rb:111:in `call'
actionpack (6.0.1) lib/action_dispatch/middleware/host_authorization.rb:83:in `call'
webpacker (4.0.7) lib/webpacker/dev_server_proxy.rb:29:in `perform_request'
rack-proxy (0.6.5) lib/rack/proxy.rb:57:in `call'
railties (6.0.1) lib/rails/engine.rb:526:in `call'
puma (3.12.1) lib/puma/configuration.rb:227:in `call'
puma (3.12.1) lib/puma/server.rb:660:in `handle_request'
puma (3.12.1) lib/puma/server.rb:474:in `process_client'
puma (3.12.1) lib/puma/server.rb:334:in `block in run'
puma (3.12.1) lib/puma/thread_pool.rb:135:in `block in spawn_thread'
Started GET "/cats/new" for ::1 at 2019-11-06 16:27:10 -0800
Processing by CatsController#new as HTML
  Rendering cats/new.html.erb within layouts/application
  Rendered cats/_form.html.erb (Duration: 7.0ms | Allocations: 375)
  Rendered cats/new.html.erb within layouts/application (Duration: 28.7ms | Allocations: 738)
Completed 200 OK in 126ms (Views: 111.4ms | ActiveRecord: 0.0ms | Allocations: 6105)


Started POST "/cats" for ::1 at 2019-11-06 16:27:22 -0800
Processing by CatsController#create as HTML
  Parameters: {"cat"=>{"name"=>"cat3", "sex"=>"F", "color"=>"orange", "birth_date"=>"2012-04-05", "description"=>"cat3"}}
  [1m[35m (0.4ms)[0m  [1m[35mBEGIN[0m
  ↳ app/controllers/cats_controller.rb:19:in `create'
  [1m[36mCat Create (3.8ms)[0m  [1m[32mINSERT INTO "cats" ("birth_date", "color", "name", "sex", "description", "created_at", "updated_at") VALUES ($1, $2, $3, $4, $5, $6, $7) RETURNING "id"[0m  [["birth_date", "2012-04-05"], ["color", "orange"], ["name", "cat3"], ["sex", "F"], ["description", "cat3"], ["created_at", "2019-11-07 00:27:22.129725"], ["updated_at", "2019-11-07 00:27:22.129725"]]
  ↳ app/controllers/cats_controller.rb:19:in `create'
  [1m[35m (0.3ms)[0m  [1m[35mCOMMIT[0m
  ↳ app/controllers/cats_controller.rb:19:in `create'
Redirected to http://localhost:3000/cats/3
Completed 302 Found in 41ms (ActiveRecord: 4.5ms | Allocations: 2691)


Started GET "/cats/3" for ::1 at 2019-11-06 16:27:22 -0800
Processing by CatsController#show as HTML
  Parameters: {"id"=>"3"}
  [1m[36mCat Load (1.3ms)[0m  [1m[34mSELECT "cats".* FROM "cats" WHERE "cats"."id" = $1 LIMIT $2[0m  [["id", 3], ["LIMIT", 1]]
  ↳ app/controllers/cats_controller.rb:8:in `show'
  Rendering cats/show.html.erb within layouts/application
  Rendered cats/show.html.erb within layouts/application (Duration: 2.2ms | Allocations: 218)
Completed 200 OK in 190ms (Views: 182.4ms | ActiveRecord: 1.3ms | Allocations: 5326)


Started GET "/cats/" for ::1 at 2019-11-06 16:30:14 -0800
  [1m[35m (7.2ms)[0m  [1m[34mSELECT "schema_migrations"."version" FROM "schema_migrations" ORDER BY "schema_migrations"."version" ASC[0m
Processing by CatsController#index as HTML
  Rendering cats/index.html.erb within layouts/application
  [1m[36mCat Load (0.7ms)[0m  [1m[34mSELECT "cats".* FROM "cats"[0m
  ↳ app/views/cats/index.html.erb:3
  Rendered cats/index.html.erb within layouts/application (Duration: 31.8ms | Allocations: 7246)
Completed 200 OK in 1850ms (Views: 1813.0ms | ActiveRecord: 15.1ms | Allocations: 1537881)


Started GET "/cats/1" for ::1 at 2019-11-06 16:30:21 -0800
Processing by CatsController#show as HTML
  Parameters: {"id"=>"1"}
  [1m[36mCat Load (1.1ms)[0m  [1m[34mSELECT "cats".* FROM "cats" WHERE "cats"."id" = $1 LIMIT $2[0m  [["id", 1], ["LIMIT", 1]]
  ↳ app/controllers/cats_controller.rb:8:in `show'
  Rendering cats/show.html.erb within layouts/application
  Rendered cats/show.html.erb within layouts/application (Duration: 1.8ms | Allocations: 240)
Completed 200 OK in 24ms (Views: 12.5ms | ActiveRecord: 2.4ms | Allocations: 7588)


Started GET "/cats/2" for ::1 at 2019-11-06 16:30:23 -0800
Processing by CatsController#show as HTML
  Parameters: {"id"=>"2"}
  [1m[36mCat Load (1.5ms)[0m  [1m[34mSELECT "cats".* FROM "cats" WHERE "cats"."id" = $1 LIMIT $2[0m  [["id", 2], ["LIMIT", 1]]
  ↳ app/controllers/cats_controller.rb:8:in `show'
  Rendering cats/show.html.erb within layouts/application
  Rendered cats/show.html.erb within layouts/application (Duration: 0.2ms | Allocations: 27)
Completed 200 OK in 19ms (Views: 15.3ms | ActiveRecord: 1.5ms | Allocations: 6472)


